[2024-07-10 17:07:50,120] {taskinstance.py:1159} INFO - Dependencies all met for <TaskInstance: spotify_to_s3.upload_to_s3 scheduled__2024-07-09T17:01:17.922331+00:00 [queued]>
[2024-07-10 17:07:50,283] {taskinstance.py:1159} INFO - Dependencies all met for <TaskInstance: spotify_to_s3.upload_to_s3 scheduled__2024-07-09T17:01:17.922331+00:00 [queued]>
[2024-07-10 17:07:50,283] {taskinstance.py:1356} INFO - 
--------------------------------------------------------------------------------
[2024-07-10 17:07:50,283] {taskinstance.py:1357} INFO - Starting attempt 2 of 2
[2024-07-10 17:07:50,283] {taskinstance.py:1358} INFO - 
--------------------------------------------------------------------------------
[2024-07-10 17:07:50,290] {taskinstance.py:1377} INFO - Executing <Task(PythonOperator): upload_to_s3> on 2024-07-09 17:01:17.922331+00:00
[2024-07-10 17:07:50,294] {standard_task_runner.py:52} INFO - Started process 1656 to run task
[2024-07-10 17:07:50,296] {standard_task_runner.py:79} INFO - Running: ['***', 'tasks', 'run', 'spotify_to_s3', 'upload_to_s3', 'scheduled__2024-07-09T17:01:17.922331+00:00', '--job-id', '15', '--raw', '--subdir', 'DAGS_FOLDER/upload_data_s3.py', '--cfg-path', '/tmp/tmplngd4ar8', '--error-file', '/tmp/tmpk2fowxvg']
[2024-07-10 17:07:50,298] {standard_task_runner.py:80} INFO - Job 15: Subtask upload_to_s3
[2024-07-10 17:07:50,308] {logging_mixin.py:115} WARNING - /home/***/.local/lib/python3.7/site-packages/***/configuration.py:470 DeprecationWarning: The sql_alchemy_conn option in [core] has been moved to the sql_alchemy_conn option in [database] - the old setting has been used, but please update your config.
[2024-07-10 17:07:50,329] {task_command.py:369} INFO - Running <TaskInstance: spotify_to_s3.upload_to_s3 scheduled__2024-07-09T17:01:17.922331+00:00 [running]> on host be84cfafb07d
[2024-07-10 17:07:50,378] {taskinstance.py:1571} INFO - Exporting the following env vars:
AIRFLOW_CTX_DAG_OWNER=***
AIRFLOW_CTX_DAG_ID=spotify_to_s3
AIRFLOW_CTX_TASK_ID=upload_to_s3
AIRFLOW_CTX_EXECUTION_DATE=2024-07-09T17:01:17.922331+00:00
AIRFLOW_CTX_TRY_NUMBER=2
AIRFLOW_CTX_DAG_RUN_ID=scheduled__2024-07-09T17:01:17.922331+00:00
[2024-07-10 17:07:50,430] {base.py:68} INFO - Using connection ID 'aws_default' for task execution.
[2024-07-10 17:07:50,431] {base_aws.py:206} INFO - Credentials retrieved from login
[2024-07-10 17:07:53,805] {python.py:173} INFO - Done. Returned value was: None
[2024-07-10 17:07:53,834] {taskinstance.py:1400} INFO - Marking task as SUCCESS. dag_id=spotify_to_s3, task_id=upload_to_s3, execution_date=20240709T170117, start_date=20240710T170750, end_date=20240710T170753
[2024-07-10 17:07:53,892] {local_task_job.py:156} INFO - Task exited with return code 0
[2024-07-10 17:07:53,948] {local_task_job.py:273} INFO - 0 downstream tasks scheduled from follow-on schedule check
