[2024-07-10 16:47:17,407] {processor.py:153} INFO - Started process (PID=374) to work on /opt/airflow/dags/upload_data_s3.py
[2024-07-10 16:47:17,408] {processor.py:641} INFO - Processing file /opt/airflow/dags/upload_data_s3.py for tasks to queue
[2024-07-10 16:47:17,409] {logging_mixin.py:115} INFO - [2024-07-10 16:47:17,409] {dagbag.py:507} INFO - Filling up the DagBag from /opt/airflow/dags/upload_data_s3.py
[2024-07-10 16:47:17,499] {processor.py:651} INFO - DAG(s) dict_keys(['spotify_to_s3']) retrieved from /opt/airflow/dags/upload_data_s3.py
[2024-07-10 16:47:17,630] {logging_mixin.py:115} INFO - [2024-07-10 16:47:17,630] {manager.py:508} INFO - Created Permission View: can edit on DAG:spotify_to_s3
[2024-07-10 16:47:17,635] {logging_mixin.py:115} INFO - [2024-07-10 16:47:17,635] {manager.py:508} INFO - Created Permission View: can read on DAG:spotify_to_s3
[2024-07-10 16:47:17,639] {logging_mixin.py:115} INFO - [2024-07-10 16:47:17,638] {manager.py:508} INFO - Created Permission View: can delete on DAG:spotify_to_s3
[2024-07-10 16:47:17,639] {logging_mixin.py:115} INFO - [2024-07-10 16:47:17,639] {dag.py:2371} INFO - Sync 1 DAGs
[2024-07-10 16:47:17,643] {logging_mixin.py:115} INFO - [2024-07-10 16:47:17,643] {dag.py:2390} INFO - Creating ORM DAG for spotify_to_s3
[2024-07-10 16:47:17,649] {logging_mixin.py:115} INFO - [2024-07-10 16:47:17,649] {dag.py:2919} INFO - Setting next_dagrun for spotify_to_s3 to 2023-01-01T00:00:00+00:00, run_after=2023-01-02T00:00:00+00:00
[2024-07-10 16:47:17,656] {processor.py:161} INFO - Processing /opt/airflow/dags/upload_data_s3.py took 0.253 seconds
[2024-07-10 16:47:47,751] {processor.py:153} INFO - Started process (PID=402) to work on /opt/airflow/dags/upload_data_s3.py
[2024-07-10 16:47:47,753] {processor.py:641} INFO - Processing file /opt/airflow/dags/upload_data_s3.py for tasks to queue
[2024-07-10 16:47:47,754] {logging_mixin.py:115} INFO - [2024-07-10 16:47:47,754] {dagbag.py:507} INFO - Filling up the DagBag from /opt/airflow/dags/upload_data_s3.py
[2024-07-10 16:47:47,831] {processor.py:651} INFO - DAG(s) dict_keys(['spotify_to_s3']) retrieved from /opt/airflow/dags/upload_data_s3.py
[2024-07-10 16:47:47,844] {logging_mixin.py:115} INFO - [2024-07-10 16:47:47,844] {dag.py:2371} INFO - Sync 1 DAGs
[2024-07-10 16:47:47,857] {logging_mixin.py:115} INFO - [2024-07-10 16:47:47,856] {dag.py:2919} INFO - Setting next_dagrun for spotify_to_s3 to 2023-01-01T00:00:00+00:00, run_after=2023-01-02T00:00:00+00:00
[2024-07-10 16:47:47,863] {processor.py:161} INFO - Processing /opt/airflow/dags/upload_data_s3.py took 0.116 seconds
[2024-07-10 16:48:18,086] {processor.py:153} INFO - Started process (PID=439) to work on /opt/airflow/dags/upload_data_s3.py
[2024-07-10 16:48:18,088] {processor.py:641} INFO - Processing file /opt/airflow/dags/upload_data_s3.py for tasks to queue
[2024-07-10 16:48:18,089] {logging_mixin.py:115} INFO - [2024-07-10 16:48:18,089] {dagbag.py:507} INFO - Filling up the DagBag from /opt/airflow/dags/upload_data_s3.py
[2024-07-10 16:48:18,154] {processor.py:651} INFO - DAG(s) dict_keys(['spotify_to_s3']) retrieved from /opt/airflow/dags/upload_data_s3.py
[2024-07-10 16:48:18,164] {logging_mixin.py:115} INFO - [2024-07-10 16:48:18,164] {dag.py:2371} INFO - Sync 1 DAGs
[2024-07-10 16:48:18,179] {logging_mixin.py:115} INFO - [2024-07-10 16:48:18,179] {dag.py:2919} INFO - Setting next_dagrun for spotify_to_s3 to 2023-01-01T00:00:00+00:00, run_after=2023-01-02T00:00:00+00:00
[2024-07-10 16:48:18,185] {processor.py:161} INFO - Processing /opt/airflow/dags/upload_data_s3.py took 0.103 seconds
[2024-07-10 16:48:48,422] {processor.py:153} INFO - Started process (PID=476) to work on /opt/airflow/dags/upload_data_s3.py
[2024-07-10 16:48:48,423] {processor.py:641} INFO - Processing file /opt/airflow/dags/upload_data_s3.py for tasks to queue
[2024-07-10 16:48:48,424] {logging_mixin.py:115} INFO - [2024-07-10 16:48:48,424] {dagbag.py:507} INFO - Filling up the DagBag from /opt/airflow/dags/upload_data_s3.py
[2024-07-10 16:48:48,514] {processor.py:651} INFO - DAG(s) dict_keys(['spotify_to_s3']) retrieved from /opt/airflow/dags/upload_data_s3.py
[2024-07-10 16:48:48,525] {logging_mixin.py:115} INFO - [2024-07-10 16:48:48,525] {dag.py:2371} INFO - Sync 1 DAGs
[2024-07-10 16:48:48,536] {logging_mixin.py:115} INFO - [2024-07-10 16:48:48,536] {dag.py:2919} INFO - Setting next_dagrun for spotify_to_s3 to 2023-01-01T00:00:00+00:00, run_after=2023-01-02T00:00:00+00:00
[2024-07-10 16:48:48,541] {processor.py:161} INFO - Processing /opt/airflow/dags/upload_data_s3.py took 0.125 seconds
[2024-07-10 16:49:18,810] {processor.py:153} INFO - Started process (PID=513) to work on /opt/airflow/dags/upload_data_s3.py
[2024-07-10 16:49:18,811] {processor.py:641} INFO - Processing file /opt/airflow/dags/upload_data_s3.py for tasks to queue
[2024-07-10 16:49:18,812] {logging_mixin.py:115} INFO - [2024-07-10 16:49:18,812] {dagbag.py:507} INFO - Filling up the DagBag from /opt/airflow/dags/upload_data_s3.py
[2024-07-10 16:49:18,882] {processor.py:651} INFO - DAG(s) dict_keys(['spotify_to_s3']) retrieved from /opt/airflow/dags/upload_data_s3.py
[2024-07-10 16:49:18,897] {logging_mixin.py:115} INFO - [2024-07-10 16:49:18,897] {dag.py:2371} INFO - Sync 1 DAGs
[2024-07-10 16:49:18,909] {logging_mixin.py:115} INFO - [2024-07-10 16:49:18,909] {dag.py:2919} INFO - Setting next_dagrun for spotify_to_s3 to 2023-01-01T00:00:00+00:00, run_after=2023-01-02T00:00:00+00:00
[2024-07-10 16:49:18,914] {processor.py:161} INFO - Processing /opt/airflow/dags/upload_data_s3.py took 0.108 seconds
[2024-07-10 16:49:49,054] {processor.py:153} INFO - Started process (PID=545) to work on /opt/airflow/dags/upload_data_s3.py
[2024-07-10 16:49:49,056] {processor.py:641} INFO - Processing file /opt/airflow/dags/upload_data_s3.py for tasks to queue
[2024-07-10 16:49:49,057] {logging_mixin.py:115} INFO - [2024-07-10 16:49:49,057] {dagbag.py:507} INFO - Filling up the DagBag from /opt/airflow/dags/upload_data_s3.py
[2024-07-10 16:49:49,137] {processor.py:651} INFO - DAG(s) dict_keys(['spotify_to_s3']) retrieved from /opt/airflow/dags/upload_data_s3.py
[2024-07-10 16:49:49,156] {logging_mixin.py:115} INFO - [2024-07-10 16:49:49,156] {dag.py:2371} INFO - Sync 1 DAGs
[2024-07-10 16:49:49,170] {logging_mixin.py:115} INFO - [2024-07-10 16:49:49,170] {dag.py:2919} INFO - Setting next_dagrun for spotify_to_s3 to 2023-01-01T00:00:00+00:00, run_after=2023-01-02T00:00:00+00:00
[2024-07-10 16:49:49,175] {processor.py:161} INFO - Processing /opt/airflow/dags/upload_data_s3.py took 0.127 seconds
[2024-07-10 16:50:19,438] {processor.py:153} INFO - Started process (PID=568) to work on /opt/airflow/dags/upload_data_s3.py
[2024-07-10 16:50:19,438] {processor.py:641} INFO - Processing file /opt/airflow/dags/upload_data_s3.py for tasks to queue
[2024-07-10 16:50:19,439] {logging_mixin.py:115} INFO - [2024-07-10 16:50:19,439] {dagbag.py:507} INFO - Filling up the DagBag from /opt/airflow/dags/upload_data_s3.py
[2024-07-10 16:50:19,514] {processor.py:651} INFO - DAG(s) dict_keys(['spotify_to_s3']) retrieved from /opt/airflow/dags/upload_data_s3.py
[2024-07-10 16:50:19,533] {logging_mixin.py:115} INFO - [2024-07-10 16:50:19,533] {dag.py:2371} INFO - Sync 1 DAGs
[2024-07-10 16:50:19,546] {logging_mixin.py:115} INFO - [2024-07-10 16:50:19,546] {dag.py:2919} INFO - Setting next_dagrun for spotify_to_s3 to 2023-01-01T00:00:00+00:00, run_after=2023-01-02T00:00:00+00:00
[2024-07-10 16:50:19,551] {processor.py:161} INFO - Processing /opt/airflow/dags/upload_data_s3.py took 0.118 seconds
[2024-07-10 16:50:49,728] {processor.py:153} INFO - Started process (PID=600) to work on /opt/airflow/dags/upload_data_s3.py
[2024-07-10 16:50:49,730] {processor.py:641} INFO - Processing file /opt/airflow/dags/upload_data_s3.py for tasks to queue
[2024-07-10 16:50:49,731] {logging_mixin.py:115} INFO - [2024-07-10 16:50:49,731] {dagbag.py:507} INFO - Filling up the DagBag from /opt/airflow/dags/upload_data_s3.py
[2024-07-10 16:50:49,815] {processor.py:651} INFO - DAG(s) dict_keys(['spotify_to_s3']) retrieved from /opt/airflow/dags/upload_data_s3.py
[2024-07-10 16:50:49,836] {logging_mixin.py:115} INFO - [2024-07-10 16:50:49,836] {dag.py:2371} INFO - Sync 1 DAGs
[2024-07-10 16:50:49,852] {logging_mixin.py:115} INFO - [2024-07-10 16:50:49,852] {dag.py:2919} INFO - Setting next_dagrun for spotify_to_s3 to 2023-01-01T00:00:00+00:00, run_after=2023-01-02T00:00:00+00:00
[2024-07-10 16:50:49,859] {processor.py:161} INFO - Processing /opt/airflow/dags/upload_data_s3.py took 0.141 seconds
[2024-07-10 16:51:20,023] {processor.py:153} INFO - Started process (PID=632) to work on /opt/airflow/dags/upload_data_s3.py
[2024-07-10 16:51:20,024] {processor.py:641} INFO - Processing file /opt/airflow/dags/upload_data_s3.py for tasks to queue
[2024-07-10 16:51:20,025] {logging_mixin.py:115} INFO - [2024-07-10 16:51:20,025] {dagbag.py:507} INFO - Filling up the DagBag from /opt/airflow/dags/upload_data_s3.py
[2024-07-10 16:51:20,112] {processor.py:651} INFO - DAG(s) dict_keys(['spotify_to_s3']) retrieved from /opt/airflow/dags/upload_data_s3.py
[2024-07-10 16:51:20,131] {logging_mixin.py:115} INFO - [2024-07-10 16:51:20,131] {dag.py:2371} INFO - Sync 1 DAGs
[2024-07-10 16:51:20,145] {logging_mixin.py:115} INFO - [2024-07-10 16:51:20,145] {dag.py:2919} INFO - Setting next_dagrun for spotify_to_s3 to 2023-01-01T00:00:00+00:00, run_after=2023-01-02T00:00:00+00:00
[2024-07-10 16:51:20,152] {processor.py:161} INFO - Processing /opt/airflow/dags/upload_data_s3.py took 0.134 seconds
[2024-07-10 16:51:50,264] {processor.py:153} INFO - Started process (PID=664) to work on /opt/airflow/dags/upload_data_s3.py
[2024-07-10 16:51:50,264] {processor.py:641} INFO - Processing file /opt/airflow/dags/upload_data_s3.py for tasks to queue
[2024-07-10 16:51:50,266] {logging_mixin.py:115} INFO - [2024-07-10 16:51:50,265] {dagbag.py:507} INFO - Filling up the DagBag from /opt/airflow/dags/upload_data_s3.py
[2024-07-10 16:51:50,335] {processor.py:651} INFO - DAG(s) dict_keys(['spotify_to_s3']) retrieved from /opt/airflow/dags/upload_data_s3.py
[2024-07-10 16:51:50,349] {logging_mixin.py:115} INFO - [2024-07-10 16:51:50,349] {dag.py:2371} INFO - Sync 1 DAGs
[2024-07-10 16:51:50,361] {logging_mixin.py:115} INFO - [2024-07-10 16:51:50,361] {dag.py:2919} INFO - Setting next_dagrun for spotify_to_s3 to 2023-01-01T00:00:00+00:00, run_after=2023-01-02T00:00:00+00:00
[2024-07-10 16:51:50,366] {processor.py:161} INFO - Processing /opt/airflow/dags/upload_data_s3.py took 0.109 seconds
[2024-07-10 16:52:20,641] {processor.py:153} INFO - Started process (PID=696) to work on /opt/airflow/dags/upload_data_s3.py
[2024-07-10 16:52:20,643] {processor.py:641} INFO - Processing file /opt/airflow/dags/upload_data_s3.py for tasks to queue
[2024-07-10 16:52:20,644] {logging_mixin.py:115} INFO - [2024-07-10 16:52:20,644] {dagbag.py:507} INFO - Filling up the DagBag from /opt/airflow/dags/upload_data_s3.py
[2024-07-10 16:52:20,710] {processor.py:651} INFO - DAG(s) dict_keys(['spotify_to_s3']) retrieved from /opt/airflow/dags/upload_data_s3.py
[2024-07-10 16:52:20,724] {logging_mixin.py:115} INFO - [2024-07-10 16:52:20,724] {dag.py:2371} INFO - Sync 1 DAGs
[2024-07-10 16:52:20,735] {logging_mixin.py:115} INFO - [2024-07-10 16:52:20,735] {dag.py:2919} INFO - Setting next_dagrun for spotify_to_s3 to 2023-01-01T00:00:00+00:00, run_after=2023-01-02T00:00:00+00:00
[2024-07-10 16:52:20,869] {processor.py:161} INFO - Processing /opt/airflow/dags/upload_data_s3.py took 0.232 seconds
[2024-07-10 16:52:51,094] {processor.py:153} INFO - Started process (PID=719) to work on /opt/airflow/dags/upload_data_s3.py
[2024-07-10 16:52:51,095] {processor.py:641} INFO - Processing file /opt/airflow/dags/upload_data_s3.py for tasks to queue
[2024-07-10 16:52:51,097] {logging_mixin.py:115} INFO - [2024-07-10 16:52:51,096] {dagbag.py:507} INFO - Filling up the DagBag from /opt/airflow/dags/upload_data_s3.py
[2024-07-10 16:52:51,170] {processor.py:651} INFO - DAG(s) dict_keys(['spotify_to_s3']) retrieved from /opt/airflow/dags/upload_data_s3.py
[2024-07-10 16:52:51,202] {logging_mixin.py:115} INFO - [2024-07-10 16:52:51,202] {dag.py:2371} INFO - Sync 1 DAGs
[2024-07-10 16:52:51,219] {logging_mixin.py:115} INFO - [2024-07-10 16:52:51,219] {dag.py:2919} INFO - Setting next_dagrun for spotify_to_s3 to 2023-01-01T00:00:00+00:00, run_after=2023-01-02T00:00:00+00:00
[2024-07-10 16:52:51,359] {processor.py:161} INFO - Processing /opt/airflow/dags/upload_data_s3.py took 0.275 seconds
[2024-07-10 16:53:21,567] {processor.py:153} INFO - Started process (PID=751) to work on /opt/airflow/dags/upload_data_s3.py
[2024-07-10 16:53:21,568] {processor.py:641} INFO - Processing file /opt/airflow/dags/upload_data_s3.py for tasks to queue
[2024-07-10 16:53:21,569] {logging_mixin.py:115} INFO - [2024-07-10 16:53:21,569] {dagbag.py:507} INFO - Filling up the DagBag from /opt/airflow/dags/upload_data_s3.py
[2024-07-10 16:53:21,637] {processor.py:651} INFO - DAG(s) dict_keys(['spotify_to_s3']) retrieved from /opt/airflow/dags/upload_data_s3.py
[2024-07-10 16:53:21,673] {logging_mixin.py:115} INFO - [2024-07-10 16:53:21,673] {dag.py:2371} INFO - Sync 1 DAGs
[2024-07-10 16:53:21,687] {logging_mixin.py:115} INFO - [2024-07-10 16:53:21,687] {dag.py:2919} INFO - Setting next_dagrun for spotify_to_s3 to 2023-01-01T00:00:00+00:00, run_after=2023-01-02T00:00:00+00:00
[2024-07-10 16:53:21,905] {processor.py:161} INFO - Processing /opt/airflow/dags/upload_data_s3.py took 0.347 seconds
[2024-07-10 16:53:52,093] {processor.py:153} INFO - Started process (PID=783) to work on /opt/airflow/dags/upload_data_s3.py
[2024-07-10 16:53:52,094] {processor.py:641} INFO - Processing file /opt/airflow/dags/upload_data_s3.py for tasks to queue
[2024-07-10 16:53:52,096] {logging_mixin.py:115} INFO - [2024-07-10 16:53:52,095] {dagbag.py:507} INFO - Filling up the DagBag from /opt/airflow/dags/upload_data_s3.py
[2024-07-10 16:53:52,185] {processor.py:651} INFO - DAG(s) dict_keys(['spotify_to_s3']) retrieved from /opt/airflow/dags/upload_data_s3.py
[2024-07-10 16:53:52,206] {logging_mixin.py:115} INFO - [2024-07-10 16:53:52,206] {dag.py:2371} INFO - Sync 1 DAGs
[2024-07-10 16:53:52,219] {logging_mixin.py:115} INFO - [2024-07-10 16:53:52,219] {dag.py:2919} INFO - Setting next_dagrun for spotify_to_s3 to 2023-01-01T00:00:00+00:00, run_after=2023-01-02T00:00:00+00:00
[2024-07-10 16:53:52,415] {processor.py:161} INFO - Processing /opt/airflow/dags/upload_data_s3.py took 0.330 seconds
[2024-07-10 16:54:22,638] {processor.py:153} INFO - Started process (PID=815) to work on /opt/airflow/dags/upload_data_s3.py
[2024-07-10 16:54:22,639] {processor.py:641} INFO - Processing file /opt/airflow/dags/upload_data_s3.py for tasks to queue
[2024-07-10 16:54:22,640] {logging_mixin.py:115} INFO - [2024-07-10 16:54:22,640] {dagbag.py:507} INFO - Filling up the DagBag from /opt/airflow/dags/upload_data_s3.py
[2024-07-10 16:54:22,702] {processor.py:651} INFO - DAG(s) dict_keys(['spotify_to_s3']) retrieved from /opt/airflow/dags/upload_data_s3.py
[2024-07-10 16:54:22,717] {logging_mixin.py:115} INFO - [2024-07-10 16:54:22,717] {dag.py:2371} INFO - Sync 1 DAGs
[2024-07-10 16:54:22,729] {logging_mixin.py:115} INFO - [2024-07-10 16:54:22,729] {dag.py:2919} INFO - Setting next_dagrun for spotify_to_s3 to 2023-01-01T00:00:00+00:00, run_after=2023-01-02T00:00:00+00:00
[2024-07-10 16:54:22,895] {processor.py:161} INFO - Processing /opt/airflow/dags/upload_data_s3.py took 0.261 seconds
[2024-07-10 16:54:53,103] {processor.py:153} INFO - Started process (PID=847) to work on /opt/airflow/dags/upload_data_s3.py
[2024-07-10 16:54:53,104] {processor.py:641} INFO - Processing file /opt/airflow/dags/upload_data_s3.py for tasks to queue
[2024-07-10 16:54:53,105] {logging_mixin.py:115} INFO - [2024-07-10 16:54:53,105] {dagbag.py:507} INFO - Filling up the DagBag from /opt/airflow/dags/upload_data_s3.py
[2024-07-10 16:54:53,191] {processor.py:651} INFO - DAG(s) dict_keys(['spotify_to_s3']) retrieved from /opt/airflow/dags/upload_data_s3.py
[2024-07-10 16:54:53,216] {logging_mixin.py:115} INFO - [2024-07-10 16:54:53,216] {dag.py:2371} INFO - Sync 1 DAGs
[2024-07-10 16:54:53,231] {logging_mixin.py:115} INFO - [2024-07-10 16:54:53,231] {dag.py:2919} INFO - Setting next_dagrun for spotify_to_s3 to 2023-01-01T00:00:00+00:00, run_after=2023-01-02T00:00:00+00:00
[2024-07-10 16:54:53,393] {processor.py:161} INFO - Processing /opt/airflow/dags/upload_data_s3.py took 0.298 seconds
[2024-07-10 16:55:23,595] {processor.py:153} INFO - Started process (PID=879) to work on /opt/airflow/dags/upload_data_s3.py
[2024-07-10 16:55:23,596] {processor.py:641} INFO - Processing file /opt/airflow/dags/upload_data_s3.py for tasks to queue
[2024-07-10 16:55:23,597] {logging_mixin.py:115} INFO - [2024-07-10 16:55:23,597] {dagbag.py:507} INFO - Filling up the DagBag from /opt/airflow/dags/upload_data_s3.py
[2024-07-10 16:55:23,665] {processor.py:651} INFO - DAG(s) dict_keys(['spotify_to_s3']) retrieved from /opt/airflow/dags/upload_data_s3.py
[2024-07-10 16:55:23,680] {logging_mixin.py:115} INFO - [2024-07-10 16:55:23,679] {dag.py:2371} INFO - Sync 1 DAGs
[2024-07-10 16:55:23,691] {logging_mixin.py:115} INFO - [2024-07-10 16:55:23,691] {dag.py:2919} INFO - Setting next_dagrun for spotify_to_s3 to 2023-01-01T00:00:00+00:00, run_after=2023-01-02T00:00:00+00:00
[2024-07-10 16:55:23,821] {processor.py:161} INFO - Processing /opt/airflow/dags/upload_data_s3.py took 0.234 seconds
[2024-07-10 16:55:54,039] {processor.py:153} INFO - Started process (PID=902) to work on /opt/airflow/dags/upload_data_s3.py
[2024-07-10 16:55:54,040] {processor.py:641} INFO - Processing file /opt/airflow/dags/upload_data_s3.py for tasks to queue
[2024-07-10 16:55:54,042] {logging_mixin.py:115} INFO - [2024-07-10 16:55:54,042] {dagbag.py:507} INFO - Filling up the DagBag from /opt/airflow/dags/upload_data_s3.py
[2024-07-10 16:55:54,125] {processor.py:651} INFO - DAG(s) dict_keys(['spotify_to_s3']) retrieved from /opt/airflow/dags/upload_data_s3.py
[2024-07-10 16:55:54,143] {logging_mixin.py:115} INFO - [2024-07-10 16:55:54,142] {dag.py:2371} INFO - Sync 1 DAGs
[2024-07-10 16:55:54,155] {logging_mixin.py:115} INFO - [2024-07-10 16:55:54,155] {dag.py:2919} INFO - Setting next_dagrun for spotify_to_s3 to 2023-01-01T00:00:00+00:00, run_after=2023-01-02T00:00:00+00:00
[2024-07-10 16:55:54,317] {processor.py:161} INFO - Processing /opt/airflow/dags/upload_data_s3.py took 0.285 seconds
[2024-07-10 16:56:24,541] {processor.py:153} INFO - Started process (PID=934) to work on /opt/airflow/dags/upload_data_s3.py
[2024-07-10 16:56:24,543] {processor.py:641} INFO - Processing file /opt/airflow/dags/upload_data_s3.py for tasks to queue
[2024-07-10 16:56:24,544] {logging_mixin.py:115} INFO - [2024-07-10 16:56:24,544] {dagbag.py:507} INFO - Filling up the DagBag from /opt/airflow/dags/upload_data_s3.py
[2024-07-10 16:56:24,612] {processor.py:651} INFO - DAG(s) dict_keys(['spotify_to_s3']) retrieved from /opt/airflow/dags/upload_data_s3.py
[2024-07-10 16:56:24,627] {logging_mixin.py:115} INFO - [2024-07-10 16:56:24,627] {dag.py:2371} INFO - Sync 1 DAGs
[2024-07-10 16:56:24,638] {logging_mixin.py:115} INFO - [2024-07-10 16:56:24,638] {dag.py:2919} INFO - Setting next_dagrun for spotify_to_s3 to 2023-01-01T00:00:00+00:00, run_after=2023-01-02T00:00:00+00:00
[2024-07-10 16:56:24,797] {processor.py:161} INFO - Processing /opt/airflow/dags/upload_data_s3.py took 0.261 seconds
[2024-07-10 16:56:55,010] {processor.py:153} INFO - Started process (PID=966) to work on /opt/airflow/dags/upload_data_s3.py
[2024-07-10 16:56:55,011] {processor.py:641} INFO - Processing file /opt/airflow/dags/upload_data_s3.py for tasks to queue
[2024-07-10 16:56:55,012] {logging_mixin.py:115} INFO - [2024-07-10 16:56:55,012] {dagbag.py:507} INFO - Filling up the DagBag from /opt/airflow/dags/upload_data_s3.py
[2024-07-10 16:56:55,099] {processor.py:651} INFO - DAG(s) dict_keys(['spotify_to_s3']) retrieved from /opt/airflow/dags/upload_data_s3.py
[2024-07-10 16:56:55,121] {logging_mixin.py:115} INFO - [2024-07-10 16:56:55,121] {dag.py:2371} INFO - Sync 1 DAGs
[2024-07-10 16:56:55,136] {logging_mixin.py:115} INFO - [2024-07-10 16:56:55,135] {dag.py:2919} INFO - Setting next_dagrun for spotify_to_s3 to 2023-01-01T00:00:00+00:00, run_after=2023-01-02T00:00:00+00:00
[2024-07-10 16:56:55,302] {processor.py:161} INFO - Processing /opt/airflow/dags/upload_data_s3.py took 0.298 seconds
[2024-07-10 16:57:25,507] {processor.py:153} INFO - Started process (PID=998) to work on /opt/airflow/dags/upload_data_s3.py
[2024-07-10 16:57:25,509] {processor.py:641} INFO - Processing file /opt/airflow/dags/upload_data_s3.py for tasks to queue
[2024-07-10 16:57:25,510] {logging_mixin.py:115} INFO - [2024-07-10 16:57:25,510] {dagbag.py:507} INFO - Filling up the DagBag from /opt/airflow/dags/upload_data_s3.py
[2024-07-10 16:57:25,590] {processor.py:651} INFO - DAG(s) dict_keys(['spotify_to_s3']) retrieved from /opt/airflow/dags/upload_data_s3.py
[2024-07-10 16:57:25,609] {logging_mixin.py:115} INFO - [2024-07-10 16:57:25,609] {dag.py:2371} INFO - Sync 1 DAGs
[2024-07-10 16:57:25,622] {logging_mixin.py:115} INFO - [2024-07-10 16:57:25,621] {dag.py:2919} INFO - Setting next_dagrun for spotify_to_s3 to 2023-01-01T00:00:00+00:00, run_after=2023-01-02T00:00:00+00:00
[2024-07-10 16:57:25,775] {processor.py:161} INFO - Processing /opt/airflow/dags/upload_data_s3.py took 0.273 seconds
[2024-07-10 16:57:55,978] {processor.py:153} INFO - Started process (PID=1030) to work on /opt/airflow/dags/upload_data_s3.py
[2024-07-10 16:57:55,979] {processor.py:641} INFO - Processing file /opt/airflow/dags/upload_data_s3.py for tasks to queue
[2024-07-10 16:57:55,980] {logging_mixin.py:115} INFO - [2024-07-10 16:57:55,980] {dagbag.py:507} INFO - Filling up the DagBag from /opt/airflow/dags/upload_data_s3.py
[2024-07-10 16:57:56,045] {processor.py:651} INFO - DAG(s) dict_keys(['spotify_to_s3']) retrieved from /opt/airflow/dags/upload_data_s3.py
[2024-07-10 16:57:56,061] {logging_mixin.py:115} INFO - [2024-07-10 16:57:56,061] {dag.py:2371} INFO - Sync 1 DAGs
[2024-07-10 16:57:56,073] {logging_mixin.py:115} INFO - [2024-07-10 16:57:56,073] {dag.py:2919} INFO - Setting next_dagrun for spotify_to_s3 to 2023-01-01T00:00:00+00:00, run_after=2023-01-02T00:00:00+00:00
[2024-07-10 16:57:56,207] {processor.py:161} INFO - Processing /opt/airflow/dags/upload_data_s3.py took 0.235 seconds
[2024-07-10 16:58:26,425] {processor.py:153} INFO - Started process (PID=1062) to work on /opt/airflow/dags/upload_data_s3.py
[2024-07-10 16:58:26,426] {processor.py:641} INFO - Processing file /opt/airflow/dags/upload_data_s3.py for tasks to queue
[2024-07-10 16:58:26,427] {logging_mixin.py:115} INFO - [2024-07-10 16:58:26,426] {dagbag.py:507} INFO - Filling up the DagBag from /opt/airflow/dags/upload_data_s3.py
[2024-07-10 16:58:26,488] {processor.py:651} INFO - DAG(s) dict_keys(['spotify_to_s3']) retrieved from /opt/airflow/dags/upload_data_s3.py
[2024-07-10 16:58:26,508] {logging_mixin.py:115} INFO - [2024-07-10 16:58:26,508] {dag.py:2371} INFO - Sync 1 DAGs
[2024-07-10 16:58:26,546] {logging_mixin.py:115} INFO - [2024-07-10 16:58:26,546] {dag.py:2919} INFO - Setting next_dagrun for spotify_to_s3 to 2023-01-01T00:00:00+00:00, run_after=2023-01-02T00:00:00+00:00
[2024-07-10 16:58:26,770] {processor.py:161} INFO - Processing /opt/airflow/dags/upload_data_s3.py took 0.349 seconds
[2024-07-10 16:58:56,999] {processor.py:153} INFO - Started process (PID=1085) to work on /opt/airflow/dags/upload_data_s3.py
[2024-07-10 16:58:57,001] {processor.py:641} INFO - Processing file /opt/airflow/dags/upload_data_s3.py for tasks to queue
[2024-07-10 16:58:57,003] {logging_mixin.py:115} INFO - [2024-07-10 16:58:57,003] {dagbag.py:507} INFO - Filling up the DagBag from /opt/airflow/dags/upload_data_s3.py
[2024-07-10 16:58:57,102] {processor.py:651} INFO - DAG(s) dict_keys(['spotify_to_s3']) retrieved from /opt/airflow/dags/upload_data_s3.py
[2024-07-10 16:58:57,126] {logging_mixin.py:115} INFO - [2024-07-10 16:58:57,126] {dag.py:2371} INFO - Sync 1 DAGs
[2024-07-10 16:58:57,160] {logging_mixin.py:115} INFO - [2024-07-10 16:58:57,160] {dag.py:2919} INFO - Setting next_dagrun for spotify_to_s3 to 2023-01-01T00:00:00+00:00, run_after=2023-01-02T00:00:00+00:00
[2024-07-10 16:58:57,358] {processor.py:161} INFO - Processing /opt/airflow/dags/upload_data_s3.py took 0.366 seconds
[2024-07-10 16:59:27,581] {processor.py:153} INFO - Started process (PID=1117) to work on /opt/airflow/dags/upload_data_s3.py
[2024-07-10 16:59:27,583] {processor.py:641} INFO - Processing file /opt/airflow/dags/upload_data_s3.py for tasks to queue
[2024-07-10 16:59:27,584] {logging_mixin.py:115} INFO - [2024-07-10 16:59:27,583] {dagbag.py:507} INFO - Filling up the DagBag from /opt/airflow/dags/upload_data_s3.py
[2024-07-10 16:59:27,665] {processor.py:651} INFO - DAG(s) dict_keys(['spotify_to_s3']) retrieved from /opt/airflow/dags/upload_data_s3.py
[2024-07-10 16:59:27,680] {logging_mixin.py:115} INFO - [2024-07-10 16:59:27,680] {dag.py:2371} INFO - Sync 1 DAGs
[2024-07-10 16:59:27,692] {logging_mixin.py:115} INFO - [2024-07-10 16:59:27,691] {dag.py:2919} INFO - Setting next_dagrun for spotify_to_s3 to 2023-01-01T00:00:00+00:00, run_after=2023-01-02T00:00:00+00:00
[2024-07-10 16:59:27,839] {processor.py:161} INFO - Processing /opt/airflow/dags/upload_data_s3.py took 0.263 seconds
[2024-07-10 16:59:52,766] {processor.py:153} INFO - Started process (PID=1147) to work on /opt/airflow/dags/upload_data_s3.py
[2024-07-10 16:59:52,769] {processor.py:641} INFO - Processing file /opt/airflow/dags/upload_data_s3.py for tasks to queue
[2024-07-10 16:59:52,770] {logging_mixin.py:115} INFO - [2024-07-10 16:59:52,770] {dagbag.py:507} INFO - Filling up the DagBag from /opt/airflow/dags/upload_data_s3.py
[2024-07-10 16:59:52,901] {processor.py:651} INFO - DAG(s) dict_keys(['spotify_to_s3']) retrieved from /opt/airflow/dags/upload_data_s3.py
[2024-07-10 16:59:52,924] {logging_mixin.py:115} INFO - [2024-07-10 16:59:52,924] {dag.py:2371} INFO - Sync 1 DAGs
[2024-07-10 16:59:52,941] {logging_mixin.py:115} INFO - [2024-07-10 16:59:52,941] {dag.py:2919} INFO - Setting next_dagrun for spotify_to_s3 to 2023-01-01T00:00:00+00:00, run_after=2023-01-02T00:00:00+00:00
[2024-07-10 16:59:53,126] {processor.py:161} INFO - Processing /opt/airflow/dags/upload_data_s3.py took 0.368 seconds
[2024-07-10 17:00:23,246] {processor.py:153} INFO - Started process (PID=1172) to work on /opt/airflow/dags/upload_data_s3.py
[2024-07-10 17:00:23,249] {processor.py:641} INFO - Processing file /opt/airflow/dags/upload_data_s3.py for tasks to queue
[2024-07-10 17:00:23,250] {logging_mixin.py:115} INFO - [2024-07-10 17:00:23,249] {dagbag.py:507} INFO - Filling up the DagBag from /opt/airflow/dags/upload_data_s3.py
[2024-07-10 17:00:23,333] {processor.py:651} INFO - DAG(s) dict_keys(['spotify_to_s3']) retrieved from /opt/airflow/dags/upload_data_s3.py
[2024-07-10 17:00:23,350] {logging_mixin.py:115} INFO - [2024-07-10 17:00:23,350] {dag.py:2371} INFO - Sync 1 DAGs
[2024-07-10 17:00:23,363] {logging_mixin.py:115} INFO - [2024-07-10 17:00:23,363] {dag.py:2919} INFO - Setting next_dagrun for spotify_to_s3 to 2023-01-01T00:00:00+00:00, run_after=2023-01-02T00:00:00+00:00
[2024-07-10 17:00:23,510] {processor.py:161} INFO - Processing /opt/airflow/dags/upload_data_s3.py took 0.271 seconds
[2024-07-10 17:00:52,466] {processor.py:153} INFO - Started process (PID=1204) to work on /opt/airflow/dags/upload_data_s3.py
[2024-07-10 17:00:52,469] {processor.py:641} INFO - Processing file /opt/airflow/dags/upload_data_s3.py for tasks to queue
[2024-07-10 17:00:52,470] {logging_mixin.py:115} INFO - [2024-07-10 17:00:52,470] {dagbag.py:507} INFO - Filling up the DagBag from /opt/airflow/dags/upload_data_s3.py
[2024-07-10 17:00:52,550] {logging_mixin.py:115} INFO - [2024-07-10 17:00:52,549] {dagbag.py:320} ERROR - Failed to import: /opt/airflow/dags/upload_data_s3.py
Traceback (most recent call last):
  File "/home/airflow/.local/lib/python3.7/site-packages/airflow/models/dagbag.py", line 317, in parse
    loader.exec_module(new_module)
  File "<frozen importlib._bootstrap_external>", line 728, in exec_module
  File "<frozen importlib._bootstrap>", line 219, in _call_with_frames_removed
  File "/opt/airflow/dags/upload_data_s3.py", line 27, in <module>
    atchup=False,
TypeError: __init__() got an unexpected keyword argument 'atchup'
[2024-07-10 17:00:52,551] {processor.py:653} WARNING - No viable dags retrieved from /opt/airflow/dags/upload_data_s3.py
[2024-07-10 17:00:52,564] {processor.py:161} INFO - Processing /opt/airflow/dags/upload_data_s3.py took 0.105 seconds
[2024-07-10 17:01:17,629] {processor.py:153} INFO - Started process (PID=1227) to work on /opt/airflow/dags/upload_data_s3.py
[2024-07-10 17:01:17,631] {processor.py:641} INFO - Processing file /opt/airflow/dags/upload_data_s3.py for tasks to queue
[2024-07-10 17:01:17,632] {logging_mixin.py:115} INFO - [2024-07-10 17:01:17,632] {dagbag.py:507} INFO - Filling up the DagBag from /opt/airflow/dags/upload_data_s3.py
[2024-07-10 17:01:17,710] {processor.py:651} INFO - DAG(s) dict_keys(['spotify_to_s3']) retrieved from /opt/airflow/dags/upload_data_s3.py
[2024-07-10 17:01:17,913] {logging_mixin.py:115} INFO - [2024-07-10 17:01:17,913] {dag.py:2371} INFO - Sync 1 DAGs
[2024-07-10 17:01:17,922] {logging_mixin.py:115} INFO - [2024-07-10 17:01:17,922] {dag.py:2919} INFO - Setting next_dagrun for spotify_to_s3 to 2024-07-09T17:01:17.922331+00:00, run_after=2024-07-10T17:01:17.922331+00:00
[2024-07-10 17:01:17,929] {processor.py:161} INFO - Processing /opt/airflow/dags/upload_data_s3.py took 0.307 seconds
[2024-07-10 17:01:48,094] {processor.py:153} INFO - Started process (PID=1287) to work on /opt/airflow/dags/upload_data_s3.py
[2024-07-10 17:01:48,096] {processor.py:641} INFO - Processing file /opt/airflow/dags/upload_data_s3.py for tasks to queue
[2024-07-10 17:01:48,097] {logging_mixin.py:115} INFO - [2024-07-10 17:01:48,097] {dagbag.py:507} INFO - Filling up the DagBag from /opt/airflow/dags/upload_data_s3.py
[2024-07-10 17:01:48,162] {processor.py:651} INFO - DAG(s) dict_keys(['spotify_to_s3']) retrieved from /opt/airflow/dags/upload_data_s3.py
[2024-07-10 17:01:48,179] {logging_mixin.py:115} INFO - [2024-07-10 17:01:48,179] {dag.py:2371} INFO - Sync 1 DAGs
[2024-07-10 17:01:48,207] {logging_mixin.py:115} INFO - [2024-07-10 17:01:48,207] {dag.py:2919} INFO - Setting next_dagrun for spotify_to_s3 to 2024-07-10T17:01:17.922331+00:00, run_after=2024-07-11T17:01:17.922331+00:00
[2024-07-10 17:01:48,348] {processor.py:161} INFO - Processing /opt/airflow/dags/upload_data_s3.py took 0.261 seconds
[2024-07-10 17:02:18,566] {processor.py:153} INFO - Started process (PID=1319) to work on /opt/airflow/dags/upload_data_s3.py
[2024-07-10 17:02:18,568] {processor.py:641} INFO - Processing file /opt/airflow/dags/upload_data_s3.py for tasks to queue
[2024-07-10 17:02:18,569] {logging_mixin.py:115} INFO - [2024-07-10 17:02:18,569] {dagbag.py:507} INFO - Filling up the DagBag from /opt/airflow/dags/upload_data_s3.py
[2024-07-10 17:02:18,632] {processor.py:651} INFO - DAG(s) dict_keys(['spotify_to_s3']) retrieved from /opt/airflow/dags/upload_data_s3.py
[2024-07-10 17:02:18,651] {logging_mixin.py:115} INFO - [2024-07-10 17:02:18,651] {dag.py:2371} INFO - Sync 1 DAGs
[2024-07-10 17:02:18,678] {logging_mixin.py:115} INFO - [2024-07-10 17:02:18,677] {dag.py:2919} INFO - Setting next_dagrun for spotify_to_s3 to 2024-07-10T17:01:17.922331+00:00, run_after=2024-07-11T17:01:17.922331+00:00
[2024-07-10 17:02:18,908] {processor.py:161} INFO - Processing /opt/airflow/dags/upload_data_s3.py took 0.346 seconds
[2024-07-10 17:02:49,099] {processor.py:153} INFO - Started process (PID=1351) to work on /opt/airflow/dags/upload_data_s3.py
[2024-07-10 17:02:49,100] {processor.py:641} INFO - Processing file /opt/airflow/dags/upload_data_s3.py for tasks to queue
[2024-07-10 17:02:49,101] {logging_mixin.py:115} INFO - [2024-07-10 17:02:49,101] {dagbag.py:507} INFO - Filling up the DagBag from /opt/airflow/dags/upload_data_s3.py
[2024-07-10 17:02:49,165] {processor.py:651} INFO - DAG(s) dict_keys(['spotify_to_s3']) retrieved from /opt/airflow/dags/upload_data_s3.py
[2024-07-10 17:02:49,181] {logging_mixin.py:115} INFO - [2024-07-10 17:02:49,180] {dag.py:2371} INFO - Sync 1 DAGs
[2024-07-10 17:02:49,207] {logging_mixin.py:115} INFO - [2024-07-10 17:02:49,207] {dag.py:2919} INFO - Setting next_dagrun for spotify_to_s3 to 2024-07-10T17:01:17.922331+00:00, run_after=2024-07-11T17:01:17.922331+00:00
[2024-07-10 17:02:49,339] {processor.py:161} INFO - Processing /opt/airflow/dags/upload_data_s3.py took 0.243 seconds
[2024-07-10 17:03:19,503] {processor.py:153} INFO - Started process (PID=1383) to work on /opt/airflow/dags/upload_data_s3.py
[2024-07-10 17:03:19,504] {processor.py:641} INFO - Processing file /opt/airflow/dags/upload_data_s3.py for tasks to queue
[2024-07-10 17:03:19,505] {logging_mixin.py:115} INFO - [2024-07-10 17:03:19,505] {dagbag.py:507} INFO - Filling up the DagBag from /opt/airflow/dags/upload_data_s3.py
[2024-07-10 17:03:19,568] {processor.py:651} INFO - DAG(s) dict_keys(['spotify_to_s3']) retrieved from /opt/airflow/dags/upload_data_s3.py
[2024-07-10 17:03:19,607] {logging_mixin.py:115} INFO - [2024-07-10 17:03:19,607] {dag.py:2371} INFO - Sync 1 DAGs
[2024-07-10 17:03:19,619] {logging_mixin.py:115} INFO - [2024-07-10 17:03:19,619] {dag.py:2919} INFO - Setting next_dagrun for spotify_to_s3 to 2024-07-10T17:01:17.922331+00:00, run_after=2024-07-11T17:01:17.922331+00:00
[2024-07-10 17:03:19,745] {processor.py:161} INFO - Processing /opt/airflow/dags/upload_data_s3.py took 0.246 seconds
[2024-07-10 17:03:49,956] {processor.py:153} INFO - Started process (PID=1406) to work on /opt/airflow/dags/upload_data_s3.py
[2024-07-10 17:03:49,957] {processor.py:641} INFO - Processing file /opt/airflow/dags/upload_data_s3.py for tasks to queue
[2024-07-10 17:03:49,958] {logging_mixin.py:115} INFO - [2024-07-10 17:03:49,958] {dagbag.py:507} INFO - Filling up the DagBag from /opt/airflow/dags/upload_data_s3.py
[2024-07-10 17:03:50,029] {processor.py:651} INFO - DAG(s) dict_keys(['spotify_to_s3']) retrieved from /opt/airflow/dags/upload_data_s3.py
[2024-07-10 17:03:50,044] {logging_mixin.py:115} INFO - [2024-07-10 17:03:50,044] {dag.py:2371} INFO - Sync 1 DAGs
[2024-07-10 17:03:50,058] {logging_mixin.py:115} INFO - [2024-07-10 17:03:50,058] {dag.py:2919} INFO - Setting next_dagrun for spotify_to_s3 to 2024-07-10T17:01:17.922331+00:00, run_after=2024-07-11T17:01:17.922331+00:00
[2024-07-10 17:03:50,198] {processor.py:161} INFO - Processing /opt/airflow/dags/upload_data_s3.py took 0.248 seconds
[2024-07-10 17:04:20,429] {processor.py:153} INFO - Started process (PID=1438) to work on /opt/airflow/dags/upload_data_s3.py
[2024-07-10 17:04:20,431] {processor.py:641} INFO - Processing file /opt/airflow/dags/upload_data_s3.py for tasks to queue
[2024-07-10 17:04:20,431] {logging_mixin.py:115} INFO - [2024-07-10 17:04:20,431] {dagbag.py:507} INFO - Filling up the DagBag from /opt/airflow/dags/upload_data_s3.py
[2024-07-10 17:04:20,490] {processor.py:651} INFO - DAG(s) dict_keys(['spotify_to_s3']) retrieved from /opt/airflow/dags/upload_data_s3.py
[2024-07-10 17:04:20,507] {logging_mixin.py:115} INFO - [2024-07-10 17:04:20,507] {dag.py:2371} INFO - Sync 1 DAGs
[2024-07-10 17:04:20,519] {logging_mixin.py:115} INFO - [2024-07-10 17:04:20,519] {dag.py:2919} INFO - Setting next_dagrun for spotify_to_s3 to 2024-07-10T17:01:17.922331+00:00, run_after=2024-07-11T17:01:17.922331+00:00
[2024-07-10 17:04:20,673] {processor.py:161} INFO - Processing /opt/airflow/dags/upload_data_s3.py took 0.254 seconds
[2024-07-10 17:04:50,924] {processor.py:153} INFO - Started process (PID=1470) to work on /opt/airflow/dags/upload_data_s3.py
[2024-07-10 17:04:50,925] {processor.py:641} INFO - Processing file /opt/airflow/dags/upload_data_s3.py for tasks to queue
[2024-07-10 17:04:50,927] {logging_mixin.py:115} INFO - [2024-07-10 17:04:50,927] {dagbag.py:507} INFO - Filling up the DagBag from /opt/airflow/dags/upload_data_s3.py
[2024-07-10 17:04:51,007] {processor.py:651} INFO - DAG(s) dict_keys(['spotify_to_s3']) retrieved from /opt/airflow/dags/upload_data_s3.py
[2024-07-10 17:04:51,049] {logging_mixin.py:115} INFO - [2024-07-10 17:04:51,049] {dag.py:2371} INFO - Sync 1 DAGs
[2024-07-10 17:04:51,066] {logging_mixin.py:115} INFO - [2024-07-10 17:04:51,066] {dag.py:2919} INFO - Setting next_dagrun for spotify_to_s3 to 2024-07-10T17:01:17.922331+00:00, run_after=2024-07-11T17:01:17.922331+00:00
[2024-07-10 17:04:51,217] {processor.py:161} INFO - Processing /opt/airflow/dags/upload_data_s3.py took 0.304 seconds
[2024-07-10 17:05:21,412] {processor.py:153} INFO - Started process (PID=1502) to work on /opt/airflow/dags/upload_data_s3.py
[2024-07-10 17:05:21,414] {processor.py:641} INFO - Processing file /opt/airflow/dags/upload_data_s3.py for tasks to queue
[2024-07-10 17:05:21,415] {logging_mixin.py:115} INFO - [2024-07-10 17:05:21,415] {dagbag.py:507} INFO - Filling up the DagBag from /opt/airflow/dags/upload_data_s3.py
[2024-07-10 17:05:21,488] {processor.py:651} INFO - DAG(s) dict_keys(['spotify_to_s3']) retrieved from /opt/airflow/dags/upload_data_s3.py
[2024-07-10 17:05:21,505] {logging_mixin.py:115} INFO - [2024-07-10 17:05:21,505] {dag.py:2371} INFO - Sync 1 DAGs
[2024-07-10 17:05:21,519] {logging_mixin.py:115} INFO - [2024-07-10 17:05:21,519] {dag.py:2919} INFO - Setting next_dagrun for spotify_to_s3 to 2024-07-10T17:01:17.922331+00:00, run_after=2024-07-11T17:01:17.922331+00:00
[2024-07-10 17:05:21,648] {processor.py:161} INFO - Processing /opt/airflow/dags/upload_data_s3.py took 0.243 seconds
[2024-07-10 17:05:51,832] {processor.py:153} INFO - Started process (PID=1534) to work on /opt/airflow/dags/upload_data_s3.py
[2024-07-10 17:05:51,833] {processor.py:641} INFO - Processing file /opt/airflow/dags/upload_data_s3.py for tasks to queue
[2024-07-10 17:05:51,834] {logging_mixin.py:115} INFO - [2024-07-10 17:05:51,834] {dagbag.py:507} INFO - Filling up the DagBag from /opt/airflow/dags/upload_data_s3.py
[2024-07-10 17:05:51,925] {processor.py:651} INFO - DAG(s) dict_keys(['spotify_to_s3']) retrieved from /opt/airflow/dags/upload_data_s3.py
[2024-07-10 17:05:51,941] {logging_mixin.py:115} INFO - [2024-07-10 17:05:51,941] {dag.py:2371} INFO - Sync 1 DAGs
[2024-07-10 17:05:51,953] {logging_mixin.py:115} INFO - [2024-07-10 17:05:51,953] {dag.py:2919} INFO - Setting next_dagrun for spotify_to_s3 to 2024-07-10T17:01:17.922331+00:00, run_after=2024-07-11T17:01:17.922331+00:00
[2024-07-10 17:05:52,135] {processor.py:161} INFO - Processing /opt/airflow/dags/upload_data_s3.py took 0.309 seconds
[2024-07-10 17:06:22,367] {processor.py:153} INFO - Started process (PID=1564) to work on /opt/airflow/dags/upload_data_s3.py
[2024-07-10 17:06:22,368] {processor.py:641} INFO - Processing file /opt/airflow/dags/upload_data_s3.py for tasks to queue
[2024-07-10 17:06:22,369] {logging_mixin.py:115} INFO - [2024-07-10 17:06:22,369] {dagbag.py:507} INFO - Filling up the DagBag from /opt/airflow/dags/upload_data_s3.py
[2024-07-10 17:06:22,452] {processor.py:651} INFO - DAG(s) dict_keys(['spotify_to_s3']) retrieved from /opt/airflow/dags/upload_data_s3.py
[2024-07-10 17:06:22,477] {logging_mixin.py:115} INFO - [2024-07-10 17:06:22,477] {dag.py:2371} INFO - Sync 1 DAGs
[2024-07-10 17:06:22,493] {logging_mixin.py:115} INFO - [2024-07-10 17:06:22,493] {dag.py:2919} INFO - Setting next_dagrun for spotify_to_s3 to 2024-07-10T17:01:17.922331+00:00, run_after=2024-07-11T17:01:17.922331+00:00
[2024-07-10 17:06:22,649] {processor.py:161} INFO - Processing /opt/airflow/dags/upload_data_s3.py took 0.286 seconds
[2024-07-10 17:06:52,879] {processor.py:153} INFO - Started process (PID=1589) to work on /opt/airflow/dags/upload_data_s3.py
[2024-07-10 17:06:52,881] {processor.py:641} INFO - Processing file /opt/airflow/dags/upload_data_s3.py for tasks to queue
[2024-07-10 17:06:52,881] {logging_mixin.py:115} INFO - [2024-07-10 17:06:52,881] {dagbag.py:507} INFO - Filling up the DagBag from /opt/airflow/dags/upload_data_s3.py
[2024-07-10 17:06:52,942] {processor.py:651} INFO - DAG(s) dict_keys(['spotify_to_s3']) retrieved from /opt/airflow/dags/upload_data_s3.py
[2024-07-10 17:06:52,958] {logging_mixin.py:115} INFO - [2024-07-10 17:06:52,958] {dag.py:2371} INFO - Sync 1 DAGs
[2024-07-10 17:06:52,971] {logging_mixin.py:115} INFO - [2024-07-10 17:06:52,971] {dag.py:2919} INFO - Setting next_dagrun for spotify_to_s3 to 2024-07-10T17:01:17.922331+00:00, run_after=2024-07-11T17:01:17.922331+00:00
[2024-07-10 17:06:53,115] {processor.py:161} INFO - Processing /opt/airflow/dags/upload_data_s3.py took 0.241 seconds
[2024-07-10 17:07:23,315] {processor.py:153} INFO - Started process (PID=1621) to work on /opt/airflow/dags/upload_data_s3.py
[2024-07-10 17:07:23,317] {processor.py:641} INFO - Processing file /opt/airflow/dags/upload_data_s3.py for tasks to queue
[2024-07-10 17:07:23,318] {logging_mixin.py:115} INFO - [2024-07-10 17:07:23,318] {dagbag.py:507} INFO - Filling up the DagBag from /opt/airflow/dags/upload_data_s3.py
[2024-07-10 17:07:23,386] {processor.py:651} INFO - DAG(s) dict_keys(['spotify_to_s3']) retrieved from /opt/airflow/dags/upload_data_s3.py
[2024-07-10 17:07:23,410] {logging_mixin.py:115} INFO - [2024-07-10 17:07:23,410] {dag.py:2371} INFO - Sync 1 DAGs
[2024-07-10 17:07:23,428] {logging_mixin.py:115} INFO - [2024-07-10 17:07:23,428] {dag.py:2919} INFO - Setting next_dagrun for spotify_to_s3 to 2024-07-10T17:01:17.922331+00:00, run_after=2024-07-11T17:01:17.922331+00:00
[2024-07-10 17:07:23,560] {processor.py:161} INFO - Processing /opt/airflow/dags/upload_data_s3.py took 0.250 seconds
[2024-07-10 17:07:53,752] {processor.py:153} INFO - Started process (PID=1668) to work on /opt/airflow/dags/upload_data_s3.py
[2024-07-10 17:07:53,754] {processor.py:641} INFO - Processing file /opt/airflow/dags/upload_data_s3.py for tasks to queue
[2024-07-10 17:07:53,756] {logging_mixin.py:115} INFO - [2024-07-10 17:07:53,756] {dagbag.py:507} INFO - Filling up the DagBag from /opt/airflow/dags/upload_data_s3.py
[2024-07-10 17:07:53,877] {processor.py:651} INFO - DAG(s) dict_keys(['spotify_to_s3']) retrieved from /opt/airflow/dags/upload_data_s3.py
[2024-07-10 17:07:53,904] {logging_mixin.py:115} INFO - [2024-07-10 17:07:53,904] {dag.py:2371} INFO - Sync 1 DAGs
[2024-07-10 17:07:53,934] {logging_mixin.py:115} INFO - [2024-07-10 17:07:53,934] {dag.py:2919} INFO - Setting next_dagrun for spotify_to_s3 to 2024-07-10T17:01:17.922331+00:00, run_after=2024-07-11T17:01:17.922331+00:00
[2024-07-10 17:07:54,098] {processor.py:161} INFO - Processing /opt/airflow/dags/upload_data_s3.py took 0.370 seconds
[2024-07-10 17:08:24,285] {processor.py:153} INFO - Started process (PID=1707) to work on /opt/airflow/dags/upload_data_s3.py
[2024-07-10 17:08:24,287] {processor.py:641} INFO - Processing file /opt/airflow/dags/upload_data_s3.py for tasks to queue
[2024-07-10 17:08:24,288] {logging_mixin.py:115} INFO - [2024-07-10 17:08:24,288] {dagbag.py:507} INFO - Filling up the DagBag from /opt/airflow/dags/upload_data_s3.py
[2024-07-10 17:08:24,381] {processor.py:651} INFO - DAG(s) dict_keys(['spotify_to_s3']) retrieved from /opt/airflow/dags/upload_data_s3.py
[2024-07-10 17:08:24,401] {logging_mixin.py:115} INFO - [2024-07-10 17:08:24,401] {dag.py:2371} INFO - Sync 1 DAGs
[2024-07-10 17:08:24,414] {logging_mixin.py:115} INFO - [2024-07-10 17:08:24,414] {dag.py:2919} INFO - Setting next_dagrun for spotify_to_s3 to 2024-07-10T17:01:17.922331+00:00, run_after=2024-07-11T17:01:17.922331+00:00
[2024-07-10 17:08:24,547] {processor.py:161} INFO - Processing /opt/airflow/dags/upload_data_s3.py took 0.268 seconds
[2024-07-10 17:08:54,758] {processor.py:153} INFO - Started process (PID=1739) to work on /opt/airflow/dags/upload_data_s3.py
[2024-07-10 17:08:54,759] {processor.py:641} INFO - Processing file /opt/airflow/dags/upload_data_s3.py for tasks to queue
[2024-07-10 17:08:54,760] {logging_mixin.py:115} INFO - [2024-07-10 17:08:54,760] {dagbag.py:507} INFO - Filling up the DagBag from /opt/airflow/dags/upload_data_s3.py
[2024-07-10 17:08:54,828] {processor.py:651} INFO - DAG(s) dict_keys(['spotify_to_s3']) retrieved from /opt/airflow/dags/upload_data_s3.py
[2024-07-10 17:08:54,843] {logging_mixin.py:115} INFO - [2024-07-10 17:08:54,843] {dag.py:2371} INFO - Sync 1 DAGs
[2024-07-10 17:08:54,854] {logging_mixin.py:115} INFO - [2024-07-10 17:08:54,854] {dag.py:2919} INFO - Setting next_dagrun for spotify_to_s3 to 2024-07-10T17:01:17.922331+00:00, run_after=2024-07-11T17:01:17.922331+00:00
[2024-07-10 17:08:54,999] {processor.py:161} INFO - Processing /opt/airflow/dags/upload_data_s3.py took 0.247 seconds
[2024-07-10 17:09:25,209] {processor.py:153} INFO - Started process (PID=1762) to work on /opt/airflow/dags/upload_data_s3.py
[2024-07-10 17:09:25,212] {processor.py:641} INFO - Processing file /opt/airflow/dags/upload_data_s3.py for tasks to queue
[2024-07-10 17:09:25,213] {logging_mixin.py:115} INFO - [2024-07-10 17:09:25,213] {dagbag.py:507} INFO - Filling up the DagBag from /opt/airflow/dags/upload_data_s3.py
[2024-07-10 17:09:25,292] {processor.py:651} INFO - DAG(s) dict_keys(['spotify_to_s3']) retrieved from /opt/airflow/dags/upload_data_s3.py
[2024-07-10 17:09:25,314] {logging_mixin.py:115} INFO - [2024-07-10 17:09:25,314] {dag.py:2371} INFO - Sync 1 DAGs
[2024-07-10 17:09:25,330] {logging_mixin.py:115} INFO - [2024-07-10 17:09:25,329] {dag.py:2919} INFO - Setting next_dagrun for spotify_to_s3 to 2024-07-10T17:01:17.922331+00:00, run_after=2024-07-11T17:01:17.922331+00:00
[2024-07-10 17:09:25,509] {processor.py:161} INFO - Processing /opt/airflow/dags/upload_data_s3.py took 0.320 seconds
[2024-07-10 17:09:55,695] {processor.py:153} INFO - Started process (PID=1794) to work on /opt/airflow/dags/upload_data_s3.py
[2024-07-10 17:09:55,696] {processor.py:641} INFO - Processing file /opt/airflow/dags/upload_data_s3.py for tasks to queue
[2024-07-10 17:09:55,698] {logging_mixin.py:115} INFO - [2024-07-10 17:09:55,698] {dagbag.py:507} INFO - Filling up the DagBag from /opt/airflow/dags/upload_data_s3.py
[2024-07-10 17:09:55,798] {processor.py:651} INFO - DAG(s) dict_keys(['spotify_to_s3']) retrieved from /opt/airflow/dags/upload_data_s3.py
[2024-07-10 17:09:55,821] {logging_mixin.py:115} INFO - [2024-07-10 17:09:55,820] {dag.py:2371} INFO - Sync 1 DAGs
[2024-07-10 17:09:55,844] {logging_mixin.py:115} INFO - [2024-07-10 17:09:55,844] {dag.py:2919} INFO - Setting next_dagrun for spotify_to_s3 to 2024-07-10T17:01:17.922331+00:00, run_after=2024-07-11T17:01:17.922331+00:00
[2024-07-10 17:09:55,996] {processor.py:161} INFO - Processing /opt/airflow/dags/upload_data_s3.py took 0.310 seconds
[2024-07-10 17:10:26,184] {processor.py:153} INFO - Started process (PID=1826) to work on /opt/airflow/dags/upload_data_s3.py
[2024-07-10 17:10:26,186] {processor.py:641} INFO - Processing file /opt/airflow/dags/upload_data_s3.py for tasks to queue
[2024-07-10 17:10:26,187] {logging_mixin.py:115} INFO - [2024-07-10 17:10:26,187] {dagbag.py:507} INFO - Filling up the DagBag from /opt/airflow/dags/upload_data_s3.py
[2024-07-10 17:10:26,258] {processor.py:651} INFO - DAG(s) dict_keys(['spotify_to_s3']) retrieved from /opt/airflow/dags/upload_data_s3.py
[2024-07-10 17:10:26,277] {logging_mixin.py:115} INFO - [2024-07-10 17:10:26,277] {dag.py:2371} INFO - Sync 1 DAGs
[2024-07-10 17:10:26,291] {logging_mixin.py:115} INFO - [2024-07-10 17:10:26,291] {dag.py:2919} INFO - Setting next_dagrun for spotify_to_s3 to 2024-07-10T17:01:17.922331+00:00, run_after=2024-07-11T17:01:17.922331+00:00
[2024-07-10 17:10:26,488] {processor.py:161} INFO - Processing /opt/airflow/dags/upload_data_s3.py took 0.322 seconds
[2024-07-10 17:10:56,670] {processor.py:153} INFO - Started process (PID=1858) to work on /opt/airflow/dags/upload_data_s3.py
[2024-07-10 17:10:56,673] {processor.py:641} INFO - Processing file /opt/airflow/dags/upload_data_s3.py for tasks to queue
[2024-07-10 17:10:56,674] {logging_mixin.py:115} INFO - [2024-07-10 17:10:56,674] {dagbag.py:507} INFO - Filling up the DagBag from /opt/airflow/dags/upload_data_s3.py
[2024-07-10 17:10:56,752] {processor.py:651} INFO - DAG(s) dict_keys(['spotify_to_s3']) retrieved from /opt/airflow/dags/upload_data_s3.py
[2024-07-10 17:10:56,770] {logging_mixin.py:115} INFO - [2024-07-10 17:10:56,770] {dag.py:2371} INFO - Sync 1 DAGs
[2024-07-10 17:10:56,785] {logging_mixin.py:115} INFO - [2024-07-10 17:10:56,784] {dag.py:2919} INFO - Setting next_dagrun for spotify_to_s3 to 2024-07-10T17:01:17.922331+00:00, run_after=2024-07-11T17:01:17.922331+00:00
[2024-07-10 17:10:56,920] {processor.py:161} INFO - Processing /opt/airflow/dags/upload_data_s3.py took 0.258 seconds
[2024-07-10 17:11:27,126] {processor.py:153} INFO - Started process (PID=1890) to work on /opt/airflow/dags/upload_data_s3.py
[2024-07-10 17:11:27,127] {processor.py:641} INFO - Processing file /opt/airflow/dags/upload_data_s3.py for tasks to queue
[2024-07-10 17:11:27,129] {logging_mixin.py:115} INFO - [2024-07-10 17:11:27,128] {dagbag.py:507} INFO - Filling up the DagBag from /opt/airflow/dags/upload_data_s3.py
[2024-07-10 17:11:27,194] {processor.py:651} INFO - DAG(s) dict_keys(['spotify_to_s3']) retrieved from /opt/airflow/dags/upload_data_s3.py
[2024-07-10 17:11:27,209] {logging_mixin.py:115} INFO - [2024-07-10 17:11:27,209] {dag.py:2371} INFO - Sync 1 DAGs
[2024-07-10 17:11:27,221] {logging_mixin.py:115} INFO - [2024-07-10 17:11:27,221] {dag.py:2919} INFO - Setting next_dagrun for spotify_to_s3 to 2024-07-10T17:01:17.922331+00:00, run_after=2024-07-11T17:01:17.922331+00:00
[2024-07-10 17:11:27,372] {processor.py:161} INFO - Processing /opt/airflow/dags/upload_data_s3.py took 0.253 seconds
[2024-07-10 17:11:57,560] {processor.py:153} INFO - Started process (PID=1913) to work on /opt/airflow/dags/upload_data_s3.py
[2024-07-10 17:11:57,561] {processor.py:641} INFO - Processing file /opt/airflow/dags/upload_data_s3.py for tasks to queue
[2024-07-10 17:11:57,562] {logging_mixin.py:115} INFO - [2024-07-10 17:11:57,562] {dagbag.py:507} INFO - Filling up the DagBag from /opt/airflow/dags/upload_data_s3.py
[2024-07-10 17:11:57,629] {processor.py:651} INFO - DAG(s) dict_keys(['spotify_to_s3']) retrieved from /opt/airflow/dags/upload_data_s3.py
[2024-07-10 17:11:57,648] {logging_mixin.py:115} INFO - [2024-07-10 17:11:57,648] {dag.py:2371} INFO - Sync 1 DAGs
[2024-07-10 17:11:57,663] {logging_mixin.py:115} INFO - [2024-07-10 17:11:57,663] {dag.py:2919} INFO - Setting next_dagrun for spotify_to_s3 to 2024-07-10T17:01:17.922331+00:00, run_after=2024-07-11T17:01:17.922331+00:00
[2024-07-10 17:11:57,804] {processor.py:161} INFO - Processing /opt/airflow/dags/upload_data_s3.py took 0.249 seconds
[2024-07-10 17:12:27,972] {processor.py:153} INFO - Started process (PID=1945) to work on /opt/airflow/dags/upload_data_s3.py
[2024-07-10 17:12:27,973] {processor.py:641} INFO - Processing file /opt/airflow/dags/upload_data_s3.py for tasks to queue
[2024-07-10 17:12:27,974] {logging_mixin.py:115} INFO - [2024-07-10 17:12:27,974] {dagbag.py:507} INFO - Filling up the DagBag from /opt/airflow/dags/upload_data_s3.py
[2024-07-10 17:12:28,019] {processor.py:651} INFO - DAG(s) dict_keys(['spotify_to_s3']) retrieved from /opt/airflow/dags/upload_data_s3.py
[2024-07-10 17:12:28,033] {logging_mixin.py:115} INFO - [2024-07-10 17:12:28,033] {dag.py:2371} INFO - Sync 1 DAGs
[2024-07-10 17:12:28,168] {logging_mixin.py:115} INFO - [2024-07-10 17:12:28,168] {dag.py:2919} INFO - Setting next_dagrun for spotify_to_s3 to 2024-07-10T17:01:17.922331+00:00, run_after=2024-07-11T17:01:17.922331+00:00
[2024-07-10 17:12:28,173] {processor.py:161} INFO - Processing /opt/airflow/dags/upload_data_s3.py took 0.203 seconds
[2024-07-10 17:12:58,371] {processor.py:153} INFO - Started process (PID=1977) to work on /opt/airflow/dags/upload_data_s3.py
[2024-07-10 17:12:58,372] {processor.py:641} INFO - Processing file /opt/airflow/dags/upload_data_s3.py for tasks to queue
[2024-07-10 17:12:58,373] {logging_mixin.py:115} INFO - [2024-07-10 17:12:58,373] {dagbag.py:507} INFO - Filling up the DagBag from /opt/airflow/dags/upload_data_s3.py
[2024-07-10 17:12:58,458] {processor.py:651} INFO - DAG(s) dict_keys(['spotify_to_s3']) retrieved from /opt/airflow/dags/upload_data_s3.py
[2024-07-10 17:12:58,488] {logging_mixin.py:115} INFO - [2024-07-10 17:12:58,488] {dag.py:2371} INFO - Sync 1 DAGs
[2024-07-10 17:12:58,636] {logging_mixin.py:115} INFO - [2024-07-10 17:12:58,636] {dag.py:2919} INFO - Setting next_dagrun for spotify_to_s3 to 2024-07-10T17:01:17.922331+00:00, run_after=2024-07-11T17:01:17.922331+00:00
[2024-07-10 17:12:58,641] {processor.py:161} INFO - Processing /opt/airflow/dags/upload_data_s3.py took 0.281 seconds
[2024-07-10 17:13:28,854] {processor.py:153} INFO - Started process (PID=2013) to work on /opt/airflow/dags/upload_data_s3.py
[2024-07-10 17:13:28,855] {processor.py:641} INFO - Processing file /opt/airflow/dags/upload_data_s3.py for tasks to queue
[2024-07-10 17:13:28,856] {logging_mixin.py:115} INFO - [2024-07-10 17:13:28,856] {dagbag.py:507} INFO - Filling up the DagBag from /opt/airflow/dags/upload_data_s3.py
[2024-07-10 17:13:28,921] {processor.py:651} INFO - DAG(s) dict_keys(['spotify_to_s3']) retrieved from /opt/airflow/dags/upload_data_s3.py
[2024-07-10 17:13:28,937] {logging_mixin.py:115} INFO - [2024-07-10 17:13:28,936] {dag.py:2371} INFO - Sync 1 DAGs
[2024-07-10 17:13:29,038] {logging_mixin.py:115} INFO - [2024-07-10 17:13:29,038] {dag.py:2919} INFO - Setting next_dagrun for spotify_to_s3 to 2024-07-10T17:01:17.922331+00:00, run_after=2024-07-11T17:01:17.922331+00:00
[2024-07-10 17:13:29,043] {processor.py:161} INFO - Processing /opt/airflow/dags/upload_data_s3.py took 0.197 seconds
[2024-07-10 17:13:59,239] {processor.py:153} INFO - Started process (PID=2045) to work on /opt/airflow/dags/upload_data_s3.py
[2024-07-10 17:13:59,241] {processor.py:641} INFO - Processing file /opt/airflow/dags/upload_data_s3.py for tasks to queue
[2024-07-10 17:13:59,242] {logging_mixin.py:115} INFO - [2024-07-10 17:13:59,242] {dagbag.py:507} INFO - Filling up the DagBag from /opt/airflow/dags/upload_data_s3.py
[2024-07-10 17:13:59,337] {processor.py:651} INFO - DAG(s) dict_keys(['spotify_to_s3']) retrieved from /opt/airflow/dags/upload_data_s3.py
[2024-07-10 17:13:59,354] {logging_mixin.py:115} INFO - [2024-07-10 17:13:59,354] {dag.py:2371} INFO - Sync 1 DAGs
[2024-07-10 17:13:59,502] {logging_mixin.py:115} INFO - [2024-07-10 17:13:59,501] {dag.py:2919} INFO - Setting next_dagrun for spotify_to_s3 to 2024-07-10T17:01:17.922331+00:00, run_after=2024-07-11T17:01:17.922331+00:00
[2024-07-10 17:13:59,507] {processor.py:161} INFO - Processing /opt/airflow/dags/upload_data_s3.py took 0.275 seconds
