[2024-07-10 17:13:00,652] {taskinstance.py:1159} INFO - Dependencies all met for <TaskInstance: spotify_to_s3.upload_to_s3 manual__2024-07-10T17:07:52.406561+00:00 [queued]>
[2024-07-10 17:13:00,724] {taskinstance.py:1159} INFO - Dependencies all met for <TaskInstance: spotify_to_s3.upload_to_s3 manual__2024-07-10T17:07:52.406561+00:00 [queued]>
[2024-07-10 17:13:00,724] {taskinstance.py:1356} INFO - 
--------------------------------------------------------------------------------
[2024-07-10 17:13:00,724] {taskinstance.py:1357} INFO - Starting attempt 2 of 2
[2024-07-10 17:13:00,724] {taskinstance.py:1358} INFO - 
--------------------------------------------------------------------------------
[2024-07-10 17:13:00,731] {taskinstance.py:1377} INFO - Executing <Task(PythonOperator): upload_to_s3> on 2024-07-10 17:07:52.406561+00:00
[2024-07-10 17:13:00,733] {standard_task_runner.py:52} INFO - Started process 1983 to run task
[2024-07-10 17:13:00,735] {standard_task_runner.py:79} INFO - Running: ['***', 'tasks', 'run', 'spotify_to_s3', 'upload_to_s3', 'manual__2024-07-10T17:07:52.406561+00:00', '--job-id', '22', '--raw', '--subdir', 'DAGS_FOLDER/upload_data_s3.py', '--cfg-path', '/tmp/tmpf94522r3', '--error-file', '/tmp/tmp6t542gbg']
[2024-07-10 17:13:00,737] {standard_task_runner.py:80} INFO - Job 22: Subtask upload_to_s3
[2024-07-10 17:13:00,767] {task_command.py:369} INFO - Running <TaskInstance: spotify_to_s3.upload_to_s3 manual__2024-07-10T17:07:52.406561+00:00 [running]> on host be84cfafb07d
[2024-07-10 17:13:00,805] {taskinstance.py:1571} INFO - Exporting the following env vars:
AIRFLOW_CTX_DAG_OWNER=***
AIRFLOW_CTX_DAG_ID=spotify_to_s3
AIRFLOW_CTX_TASK_ID=upload_to_s3
AIRFLOW_CTX_EXECUTION_DATE=2024-07-10T17:07:52.406561+00:00
AIRFLOW_CTX_TRY_NUMBER=2
AIRFLOW_CTX_DAG_RUN_ID=manual__2024-07-10T17:07:52.406561+00:00
[2024-07-10 17:13:00,870] {base.py:68} INFO - Using connection ID 'aws_default' for task execution.
[2024-07-10 17:13:00,870] {base_aws.py:206} INFO - Credentials retrieved from login
[2024-07-10 17:13:21,830] {python.py:173} INFO - Done. Returned value was: None
[2024-07-10 17:13:21,848] {taskinstance.py:1400} INFO - Marking task as SUCCESS. dag_id=spotify_to_s3, task_id=upload_to_s3, execution_date=20240710T170752, start_date=20240710T171300, end_date=20240710T171321
[2024-07-10 17:13:21,869] {local_task_job.py:156} INFO - Task exited with return code 0
[2024-07-10 17:13:21,887] {local_task_job.py:273} INFO - 0 downstream tasks scheduled from follow-on schedule check
