[2024-07-10 16:47:17,368] {manager.py:474} INFO - Processing files using up to 2 processes at a time 
[2024-07-10 16:47:17,369] {manager.py:475} INFO - Process each file at most once every 30 seconds
[2024-07-10 16:47:17,369] {manager.py:477} INFO - Checking for new files in /opt/airflow/dags every 300 seconds
[2024-07-10 16:47:17,369] {manager.py:684} INFO - Searching for files in /opt/airflow/dags
[2024-07-10 16:47:17,373] {manager.py:687} INFO - There are 2 files in /opt/airflow/dags
[2024-07-10 16:47:17,410] {manager.py:803} INFO - 
================================================================================
DAG File Processing Stats

File Path                              PID  Runtime      # DAGs    # Errors  Last Runtime    Last Run
-----------------------------------  -----  ---------  --------  ----------  --------------  ----------
/opt/airflow/dags/upload_data_s3.py    374  0.01s             0           0
/opt/airflow/dags/get_quotes.py        377  0.01s             0           0
================================================================================
[2024-07-10 16:47:47,742] {manager.py:803} INFO - 
================================================================================
DAG File Processing Stats

File Path                              PID  Runtime      # DAGs    # Errors  Last Runtime    Last Run
-----------------------------------  -----  ---------  --------  ----------  --------------  -------------------
/opt/airflow/dags/upload_data_s3.py    402  0.02s             1           0  0.27s           2024-07-10T16:47:17
/opt/airflow/dags/get_quotes.py        404  0.01s             1           0  0.14s           2024-07-10T16:47:17
================================================================================
[2024-07-10 16:48:18,077] {manager.py:803} INFO - 
================================================================================
DAG File Processing Stats

File Path                              PID  Runtime      # DAGs    # Errors  Last Runtime    Last Run
-----------------------------------  -----  ---------  --------  ----------  --------------  -------------------
/opt/airflow/dags/upload_data_s3.py    439  0.04s             1           0  0.15s           2024-07-10T16:47:47
/opt/airflow/dags/get_quotes.py        440  0.02s             1           0  0.10s           2024-07-10T16:47:47
================================================================================
[2024-07-10 16:48:48,404] {manager.py:803} INFO - 
================================================================================
DAG File Processing Stats

File Path                              PID  Runtime      # DAGs    # Errors  Last Runtime    Last Run
-----------------------------------  -----  ---------  --------  ----------  --------------  -------------------
/opt/airflow/dags/upload_data_s3.py    476  0.03s             1           0  0.16s           2024-07-10T16:48:18
/opt/airflow/dags/get_quotes.py        477  0.00s             1           0  0.10s           2024-07-10T16:48:18
================================================================================
[2024-07-10 16:48:55,564] {manager.py:1005} WARNING - Skipping processing of missing file: /opt/airflow/dags/get_quotes.py
[2024-07-10 16:48:55,571] {manager.py:1005} WARNING - Skipping processing of missing file: /opt/airflow/dags/get_quotes.py
[2024-07-10 16:48:56,576] {manager.py:1005} WARNING - Skipping processing of missing file: /opt/airflow/dags/get_quotes.py
[2024-07-10 16:48:56,579] {manager.py:1005} WARNING - Skipping processing of missing file: /opt/airflow/dags/get_quotes.py
[2024-07-10 16:48:57,584] {manager.py:1005} WARNING - Skipping processing of missing file: /opt/airflow/dags/get_quotes.py
[2024-07-10 16:48:57,586] {manager.py:1005} WARNING - Skipping processing of missing file: /opt/airflow/dags/get_quotes.py
[2024-07-10 16:48:58,591] {manager.py:1005} WARNING - Skipping processing of missing file: /opt/airflow/dags/get_quotes.py
[2024-07-10 16:48:58,594] {manager.py:1005} WARNING - Skipping processing of missing file: /opt/airflow/dags/get_quotes.py
[2024-07-10 16:48:59,602] {manager.py:1005} WARNING - Skipping processing of missing file: /opt/airflow/dags/get_quotes.py
[2024-07-10 16:48:59,605] {manager.py:1005} WARNING - Skipping processing of missing file: /opt/airflow/dags/get_quotes.py
[2024-07-10 16:49:00,609] {manager.py:1005} WARNING - Skipping processing of missing file: /opt/airflow/dags/get_quotes.py
[2024-07-10 16:49:00,611] {manager.py:1005} WARNING - Skipping processing of missing file: /opt/airflow/dags/get_quotes.py
[2024-07-10 16:49:01,624] {manager.py:1005} WARNING - Skipping processing of missing file: /opt/airflow/dags/get_quotes.py
[2024-07-10 16:49:01,635] {manager.py:1005} WARNING - Skipping processing of missing file: /opt/airflow/dags/get_quotes.py
[2024-07-10 16:49:02,642] {manager.py:1005} WARNING - Skipping processing of missing file: /opt/airflow/dags/get_quotes.py
[2024-07-10 16:49:02,644] {manager.py:1005} WARNING - Skipping processing of missing file: /opt/airflow/dags/get_quotes.py
[2024-07-10 16:49:03,648] {manager.py:1005} WARNING - Skipping processing of missing file: /opt/airflow/dags/get_quotes.py
[2024-07-10 16:49:03,650] {manager.py:1005} WARNING - Skipping processing of missing file: /opt/airflow/dags/get_quotes.py
[2024-07-10 16:49:04,653] {manager.py:1005} WARNING - Skipping processing of missing file: /opt/airflow/dags/get_quotes.py
[2024-07-10 16:49:04,653] {manager.py:1005} WARNING - Skipping processing of missing file: /opt/airflow/dags/get_quotes.py
[2024-07-10 16:49:05,662] {manager.py:1005} WARNING - Skipping processing of missing file: /opt/airflow/dags/get_quotes.py
[2024-07-10 16:49:05,662] {manager.py:1005} WARNING - Skipping processing of missing file: /opt/airflow/dags/get_quotes.py
[2024-07-10 16:49:06,665] {manager.py:1005} WARNING - Skipping processing of missing file: /opt/airflow/dags/get_quotes.py
[2024-07-10 16:49:06,666] {manager.py:1005} WARNING - Skipping processing of missing file: /opt/airflow/dags/get_quotes.py
[2024-07-10 16:49:07,671] {manager.py:1005} WARNING - Skipping processing of missing file: /opt/airflow/dags/get_quotes.py
[2024-07-10 16:49:07,673] {manager.py:1005} WARNING - Skipping processing of missing file: /opt/airflow/dags/get_quotes.py
[2024-07-10 16:49:08,679] {manager.py:1005} WARNING - Skipping processing of missing file: /opt/airflow/dags/get_quotes.py
[2024-07-10 16:49:08,681] {manager.py:1005} WARNING - Skipping processing of missing file: /opt/airflow/dags/get_quotes.py
[2024-07-10 16:49:09,686] {manager.py:1005} WARNING - Skipping processing of missing file: /opt/airflow/dags/get_quotes.py
[2024-07-10 16:49:09,688] {manager.py:1005} WARNING - Skipping processing of missing file: /opt/airflow/dags/get_quotes.py
[2024-07-10 16:49:10,698] {manager.py:1005} WARNING - Skipping processing of missing file: /opt/airflow/dags/get_quotes.py
[2024-07-10 16:49:10,700] {manager.py:1005} WARNING - Skipping processing of missing file: /opt/airflow/dags/get_quotes.py
[2024-07-10 16:49:11,707] {manager.py:1005} WARNING - Skipping processing of missing file: /opt/airflow/dags/get_quotes.py
[2024-07-10 16:49:11,709] {manager.py:1005} WARNING - Skipping processing of missing file: /opt/airflow/dags/get_quotes.py
[2024-07-10 16:49:12,716] {manager.py:1005} WARNING - Skipping processing of missing file: /opt/airflow/dags/get_quotes.py
[2024-07-10 16:49:12,718] {manager.py:1005} WARNING - Skipping processing of missing file: /opt/airflow/dags/get_quotes.py
[2024-07-10 16:49:13,722] {manager.py:1005} WARNING - Skipping processing of missing file: /opt/airflow/dags/get_quotes.py
[2024-07-10 16:49:13,723] {manager.py:1005} WARNING - Skipping processing of missing file: /opt/airflow/dags/get_quotes.py
[2024-07-10 16:49:14,732] {manager.py:1005} WARNING - Skipping processing of missing file: /opt/airflow/dags/get_quotes.py
[2024-07-10 16:49:14,735] {manager.py:1005} WARNING - Skipping processing of missing file: /opt/airflow/dags/get_quotes.py
[2024-07-10 16:49:15,736] {manager.py:1005} WARNING - Skipping processing of missing file: /opt/airflow/dags/get_quotes.py
[2024-07-10 16:49:15,737] {manager.py:1005} WARNING - Skipping processing of missing file: /opt/airflow/dags/get_quotes.py
[2024-07-10 16:49:16,746] {manager.py:1005} WARNING - Skipping processing of missing file: /opt/airflow/dags/get_quotes.py
[2024-07-10 16:49:16,747] {manager.py:1005} WARNING - Skipping processing of missing file: /opt/airflow/dags/get_quotes.py
[2024-07-10 16:49:17,755] {manager.py:1005} WARNING - Skipping processing of missing file: /opt/airflow/dags/get_quotes.py
[2024-07-10 16:49:17,756] {manager.py:1005} WARNING - Skipping processing of missing file: /opt/airflow/dags/get_quotes.py
[2024-07-10 16:49:18,777] {manager.py:1005} WARNING - Skipping processing of missing file: /opt/airflow/dags/get_quotes.py
[2024-07-10 16:49:18,798] {manager.py:803} INFO - 
================================================================================
DAG File Processing Stats

File Path                              PID  Runtime      # DAGs    # Errors  Last Runtime    Last Run
-----------------------------------  -----  ---------  --------  ----------  --------------  -------------------
/opt/airflow/dags/upload_data_s3.py    513  0.02s             1           0  0.18s           2024-07-10T16:48:48
/opt/airflow/dags/get_quotes.py                               1           0  0.12s           2024-07-10T16:48:48
================================================================================
[2024-07-10 16:49:18,802] {manager.py:1005} WARNING - Skipping processing of missing file: /opt/airflow/dags/get_quotes.py
[2024-07-10 16:49:18,919] {manager.py:1005} WARNING - Skipping processing of missing file: /opt/airflow/dags/get_quotes.py
[2024-07-10 16:49:19,809] {manager.py:1005} WARNING - Skipping processing of missing file: /opt/airflow/dags/get_quotes.py
[2024-07-10 16:49:19,928] {manager.py:1005} WARNING - Skipping processing of missing file: /opt/airflow/dags/get_quotes.py
[2024-07-10 16:49:20,819] {manager.py:1005} WARNING - Skipping processing of missing file: /opt/airflow/dags/get_quotes.py
[2024-07-10 16:49:20,937] {manager.py:1005} WARNING - Skipping processing of missing file: /opt/airflow/dags/get_quotes.py
[2024-07-10 16:49:21,830] {manager.py:1005} WARNING - Skipping processing of missing file: /opt/airflow/dags/get_quotes.py
[2024-07-10 16:49:21,944] {manager.py:1005} WARNING - Skipping processing of missing file: /opt/airflow/dags/get_quotes.py
[2024-07-10 16:49:22,837] {manager.py:1005} WARNING - Skipping processing of missing file: /opt/airflow/dags/get_quotes.py
[2024-07-10 16:49:22,953] {manager.py:1005} WARNING - Skipping processing of missing file: /opt/airflow/dags/get_quotes.py
[2024-07-10 16:49:23,846] {manager.py:1005} WARNING - Skipping processing of missing file: /opt/airflow/dags/get_quotes.py
[2024-07-10 16:49:23,961] {manager.py:1005} WARNING - Skipping processing of missing file: /opt/airflow/dags/get_quotes.py
[2024-07-10 16:49:24,849] {manager.py:1005} WARNING - Skipping processing of missing file: /opt/airflow/dags/get_quotes.py
[2024-07-10 16:49:24,968] {manager.py:1005} WARNING - Skipping processing of missing file: /opt/airflow/dags/get_quotes.py
[2024-07-10 16:49:25,856] {manager.py:1005} WARNING - Skipping processing of missing file: /opt/airflow/dags/get_quotes.py
[2024-07-10 16:49:25,976] {manager.py:1005} WARNING - Skipping processing of missing file: /opt/airflow/dags/get_quotes.py
[2024-07-10 16:49:26,863] {manager.py:1005} WARNING - Skipping processing of missing file: /opt/airflow/dags/get_quotes.py
[2024-07-10 16:49:26,983] {manager.py:1005} WARNING - Skipping processing of missing file: /opt/airflow/dags/get_quotes.py
[2024-07-10 16:49:27,867] {manager.py:1005} WARNING - Skipping processing of missing file: /opt/airflow/dags/get_quotes.py
[2024-07-10 16:49:27,990] {manager.py:1005} WARNING - Skipping processing of missing file: /opt/airflow/dags/get_quotes.py
[2024-07-10 16:49:28,873] {manager.py:1005} WARNING - Skipping processing of missing file: /opt/airflow/dags/get_quotes.py
[2024-07-10 16:49:28,995] {manager.py:1005} WARNING - Skipping processing of missing file: /opt/airflow/dags/get_quotes.py
[2024-07-10 16:49:29,878] {manager.py:1005} WARNING - Skipping processing of missing file: /opt/airflow/dags/get_quotes.py
[2024-07-10 16:49:30,002] {manager.py:1005} WARNING - Skipping processing of missing file: /opt/airflow/dags/get_quotes.py
[2024-07-10 16:49:30,883] {manager.py:1005} WARNING - Skipping processing of missing file: /opt/airflow/dags/get_quotes.py
[2024-07-10 16:49:31,010] {manager.py:1005} WARNING - Skipping processing of missing file: /opt/airflow/dags/get_quotes.py
[2024-07-10 16:49:31,890] {manager.py:1005} WARNING - Skipping processing of missing file: /opt/airflow/dags/get_quotes.py
[2024-07-10 16:49:32,019] {manager.py:1005} WARNING - Skipping processing of missing file: /opt/airflow/dags/get_quotes.py
[2024-07-10 16:49:32,896] {manager.py:1005} WARNING - Skipping processing of missing file: /opt/airflow/dags/get_quotes.py
[2024-07-10 16:49:33,025] {manager.py:1005} WARNING - Skipping processing of missing file: /opt/airflow/dags/get_quotes.py
[2024-07-10 16:49:33,902] {manager.py:1005} WARNING - Skipping processing of missing file: /opt/airflow/dags/get_quotes.py
[2024-07-10 16:49:34,032] {manager.py:1005} WARNING - Skipping processing of missing file: /opt/airflow/dags/get_quotes.py
[2024-07-10 16:49:34,908] {manager.py:1005} WARNING - Skipping processing of missing file: /opt/airflow/dags/get_quotes.py
[2024-07-10 16:49:35,041] {manager.py:1005} WARNING - Skipping processing of missing file: /opt/airflow/dags/get_quotes.py
[2024-07-10 16:49:35,913] {manager.py:1005} WARNING - Skipping processing of missing file: /opt/airflow/dags/get_quotes.py
[2024-07-10 16:49:36,048] {manager.py:1005} WARNING - Skipping processing of missing file: /opt/airflow/dags/get_quotes.py
[2024-07-10 16:49:36,918] {manager.py:1005} WARNING - Skipping processing of missing file: /opt/airflow/dags/get_quotes.py
[2024-07-10 16:49:37,051] {manager.py:1005} WARNING - Skipping processing of missing file: /opt/airflow/dags/get_quotes.py
[2024-07-10 16:49:37,925] {manager.py:1005} WARNING - Skipping processing of missing file: /opt/airflow/dags/get_quotes.py
[2024-07-10 16:49:38,055] {manager.py:1005} WARNING - Skipping processing of missing file: /opt/airflow/dags/get_quotes.py
[2024-07-10 16:49:38,933] {manager.py:1005} WARNING - Skipping processing of missing file: /opt/airflow/dags/get_quotes.py
[2024-07-10 16:49:39,062] {manager.py:1005} WARNING - Skipping processing of missing file: /opt/airflow/dags/get_quotes.py
[2024-07-10 16:49:39,943] {manager.py:1005} WARNING - Skipping processing of missing file: /opt/airflow/dags/get_quotes.py
[2024-07-10 16:49:40,069] {manager.py:1005} WARNING - Skipping processing of missing file: /opt/airflow/dags/get_quotes.py
[2024-07-10 16:49:40,952] {manager.py:1005} WARNING - Skipping processing of missing file: /opt/airflow/dags/get_quotes.py
[2024-07-10 16:49:41,077] {manager.py:1005} WARNING - Skipping processing of missing file: /opt/airflow/dags/get_quotes.py
[2024-07-10 16:49:41,957] {manager.py:1005} WARNING - Skipping processing of missing file: /opt/airflow/dags/get_quotes.py
[2024-07-10 16:49:42,083] {manager.py:1005} WARNING - Skipping processing of missing file: /opt/airflow/dags/get_quotes.py
[2024-07-10 16:49:42,966] {manager.py:1005} WARNING - Skipping processing of missing file: /opt/airflow/dags/get_quotes.py
[2024-07-10 16:49:43,091] {manager.py:1005} WARNING - Skipping processing of missing file: /opt/airflow/dags/get_quotes.py
[2024-07-10 16:49:43,976] {manager.py:1005} WARNING - Skipping processing of missing file: /opt/airflow/dags/get_quotes.py
[2024-07-10 16:49:44,099] {manager.py:1005} WARNING - Skipping processing of missing file: /opt/airflow/dags/get_quotes.py
[2024-07-10 16:49:44,986] {manager.py:1005} WARNING - Skipping processing of missing file: /opt/airflow/dags/get_quotes.py
[2024-07-10 16:49:45,104] {manager.py:1005} WARNING - Skipping processing of missing file: /opt/airflow/dags/get_quotes.py
[2024-07-10 16:49:45,991] {manager.py:1005} WARNING - Skipping processing of missing file: /opt/airflow/dags/get_quotes.py
[2024-07-10 16:49:46,108] {manager.py:1005} WARNING - Skipping processing of missing file: /opt/airflow/dags/get_quotes.py
[2024-07-10 16:49:46,994] {manager.py:1005} WARNING - Skipping processing of missing file: /opt/airflow/dags/get_quotes.py
[2024-07-10 16:49:47,117] {manager.py:1005} WARNING - Skipping processing of missing file: /opt/airflow/dags/get_quotes.py
[2024-07-10 16:49:48,002] {manager.py:1005} WARNING - Skipping processing of missing file: /opt/airflow/dags/get_quotes.py
[2024-07-10 16:49:48,123] {manager.py:1005} WARNING - Skipping processing of missing file: /opt/airflow/dags/get_quotes.py
[2024-07-10 16:49:49,012] {manager.py:1005} WARNING - Skipping processing of missing file: /opt/airflow/dags/get_quotes.py
[2024-07-10 16:49:49,040] {manager.py:803} INFO - 
================================================================================
DAG File Processing Stats

File Path                              PID  Runtime      # DAGs    # Errors  Last Runtime    Last Run
-----------------------------------  -----  ---------  --------  ----------  --------------  -------------------
/opt/airflow/dags/upload_data_s3.py    545  0.02s             1           0  0.14s           2024-07-10T16:49:18
/opt/airflow/dags/get_quotes.py                               1           0  0.12s           2024-07-10T16:48:48
================================================================================
[2024-07-10 16:49:49,125] {manager.py:1005} WARNING - Skipping processing of missing file: /opt/airflow/dags/get_quotes.py
[2024-07-10 16:49:49,180] {manager.py:1005} WARNING - Skipping processing of missing file: /opt/airflow/dags/get_quotes.py
[2024-07-10 16:49:50,132] {manager.py:1005} WARNING - Skipping processing of missing file: /opt/airflow/dags/get_quotes.py
[2024-07-10 16:49:50,187] {manager.py:1005} WARNING - Skipping processing of missing file: /opt/airflow/dags/get_quotes.py
[2024-07-10 16:49:51,141] {manager.py:1005} WARNING - Skipping processing of missing file: /opt/airflow/dags/get_quotes.py
[2024-07-10 16:49:51,192] {manager.py:1005} WARNING - Skipping processing of missing file: /opt/airflow/dags/get_quotes.py
[2024-07-10 16:49:52,151] {manager.py:1005} WARNING - Skipping processing of missing file: /opt/airflow/dags/get_quotes.py
[2024-07-10 16:49:52,198] {manager.py:1005} WARNING - Skipping processing of missing file: /opt/airflow/dags/get_quotes.py
[2024-07-10 16:49:53,162] {manager.py:1005} WARNING - Skipping processing of missing file: /opt/airflow/dags/get_quotes.py
[2024-07-10 16:49:53,204] {manager.py:1005} WARNING - Skipping processing of missing file: /opt/airflow/dags/get_quotes.py
[2024-07-10 16:49:54,166] {manager.py:1005} WARNING - Skipping processing of missing file: /opt/airflow/dags/get_quotes.py
[2024-07-10 16:49:54,209] {manager.py:1005} WARNING - Skipping processing of missing file: /opt/airflow/dags/get_quotes.py
[2024-07-10 16:49:55,172] {manager.py:1005} WARNING - Skipping processing of missing file: /opt/airflow/dags/get_quotes.py
[2024-07-10 16:49:55,216] {manager.py:1005} WARNING - Skipping processing of missing file: /opt/airflow/dags/get_quotes.py
[2024-07-10 16:49:56,183] {manager.py:1005} WARNING - Skipping processing of missing file: /opt/airflow/dags/get_quotes.py
[2024-07-10 16:49:56,224] {manager.py:1005} WARNING - Skipping processing of missing file: /opt/airflow/dags/get_quotes.py
[2024-07-10 16:49:57,193] {manager.py:1005} WARNING - Skipping processing of missing file: /opt/airflow/dags/get_quotes.py
[2024-07-10 16:49:57,228] {manager.py:1005} WARNING - Skipping processing of missing file: /opt/airflow/dags/get_quotes.py
[2024-07-10 16:49:58,200] {manager.py:1005} WARNING - Skipping processing of missing file: /opt/airflow/dags/get_quotes.py
[2024-07-10 16:49:58,238] {manager.py:1005} WARNING - Skipping processing of missing file: /opt/airflow/dags/get_quotes.py
[2024-07-10 16:49:59,207] {manager.py:1005} WARNING - Skipping processing of missing file: /opt/airflow/dags/get_quotes.py
[2024-07-10 16:49:59,243] {manager.py:1005} WARNING - Skipping processing of missing file: /opt/airflow/dags/get_quotes.py
[2024-07-10 16:50:00,212] {manager.py:1005} WARNING - Skipping processing of missing file: /opt/airflow/dags/get_quotes.py
[2024-07-10 16:50:00,251] {manager.py:1005} WARNING - Skipping processing of missing file: /opt/airflow/dags/get_quotes.py
[2024-07-10 16:50:01,219] {manager.py:1005} WARNING - Skipping processing of missing file: /opt/airflow/dags/get_quotes.py
[2024-07-10 16:50:01,258] {manager.py:1005} WARNING - Skipping processing of missing file: /opt/airflow/dags/get_quotes.py
[2024-07-10 16:50:02,229] {manager.py:1005} WARNING - Skipping processing of missing file: /opt/airflow/dags/get_quotes.py
[2024-07-10 16:50:02,261] {manager.py:1005} WARNING - Skipping processing of missing file: /opt/airflow/dags/get_quotes.py
[2024-07-10 16:50:03,234] {manager.py:1005} WARNING - Skipping processing of missing file: /opt/airflow/dags/get_quotes.py
[2024-07-10 16:50:03,267] {manager.py:1005} WARNING - Skipping processing of missing file: /opt/airflow/dags/get_quotes.py
[2024-07-10 16:50:04,242] {manager.py:1005} WARNING - Skipping processing of missing file: /opt/airflow/dags/get_quotes.py
[2024-07-10 16:50:04,273] {manager.py:1005} WARNING - Skipping processing of missing file: /opt/airflow/dags/get_quotes.py
[2024-07-10 16:50:05,253] {manager.py:1005} WARNING - Skipping processing of missing file: /opt/airflow/dags/get_quotes.py
[2024-07-10 16:50:05,276] {manager.py:1005} WARNING - Skipping processing of missing file: /opt/airflow/dags/get_quotes.py
[2024-07-10 16:50:06,260] {manager.py:1005} WARNING - Skipping processing of missing file: /opt/airflow/dags/get_quotes.py
[2024-07-10 16:50:06,281] {manager.py:1005} WARNING - Skipping processing of missing file: /opt/airflow/dags/get_quotes.py
[2024-07-10 16:50:07,269] {manager.py:1005} WARNING - Skipping processing of missing file: /opt/airflow/dags/get_quotes.py
[2024-07-10 16:50:07,287] {manager.py:1005} WARNING - Skipping processing of missing file: /opt/airflow/dags/get_quotes.py
[2024-07-10 16:50:08,275] {manager.py:1005} WARNING - Skipping processing of missing file: /opt/airflow/dags/get_quotes.py
[2024-07-10 16:50:08,291] {manager.py:1005} WARNING - Skipping processing of missing file: /opt/airflow/dags/get_quotes.py
[2024-07-10 16:50:09,287] {manager.py:1005} WARNING - Skipping processing of missing file: /opt/airflow/dags/get_quotes.py
[2024-07-10 16:50:09,295] {manager.py:1005} WARNING - Skipping processing of missing file: /opt/airflow/dags/get_quotes.py
[2024-07-10 16:50:10,299] {manager.py:1005} WARNING - Skipping processing of missing file: /opt/airflow/dags/get_quotes.py
[2024-07-10 16:50:10,301] {manager.py:1005} WARNING - Skipping processing of missing file: /opt/airflow/dags/get_quotes.py
[2024-07-10 16:50:11,310] {manager.py:1005} WARNING - Skipping processing of missing file: /opt/airflow/dags/get_quotes.py
[2024-07-10 16:50:11,312] {manager.py:1005} WARNING - Skipping processing of missing file: /opt/airflow/dags/get_quotes.py
[2024-07-10 16:50:12,318] {manager.py:1005} WARNING - Skipping processing of missing file: /opt/airflow/dags/get_quotes.py
[2024-07-10 16:50:12,320] {manager.py:1005} WARNING - Skipping processing of missing file: /opt/airflow/dags/get_quotes.py
[2024-07-10 16:50:13,328] {manager.py:1005} WARNING - Skipping processing of missing file: /opt/airflow/dags/get_quotes.py
[2024-07-10 16:50:13,329] {manager.py:1005} WARNING - Skipping processing of missing file: /opt/airflow/dags/get_quotes.py
[2024-07-10 16:50:14,334] {manager.py:1005} WARNING - Skipping processing of missing file: /opt/airflow/dags/get_quotes.py
[2024-07-10 16:50:14,335] {manager.py:1005} WARNING - Skipping processing of missing file: /opt/airflow/dags/get_quotes.py
[2024-07-10 16:50:15,344] {manager.py:1005} WARNING - Skipping processing of missing file: /opt/airflow/dags/get_quotes.py
[2024-07-10 16:50:15,346] {manager.py:1005} WARNING - Skipping processing of missing file: /opt/airflow/dags/get_quotes.py
[2024-07-10 16:50:16,353] {manager.py:1005} WARNING - Skipping processing of missing file: /opt/airflow/dags/get_quotes.py
[2024-07-10 16:50:16,355] {manager.py:1005} WARNING - Skipping processing of missing file: /opt/airflow/dags/get_quotes.py
[2024-07-10 16:50:17,362] {manager.py:1005} WARNING - Skipping processing of missing file: /opt/airflow/dags/get_quotes.py
[2024-07-10 16:50:17,364] {manager.py:1005} WARNING - Skipping processing of missing file: /opt/airflow/dags/get_quotes.py
[2024-07-10 16:50:18,373] {manager.py:1005} WARNING - Skipping processing of missing file: /opt/airflow/dags/get_quotes.py
[2024-07-10 16:50:18,375] {manager.py:1005} WARNING - Skipping processing of missing file: /opt/airflow/dags/get_quotes.py
[2024-07-10 16:50:19,397] {manager.py:1005} WARNING - Skipping processing of missing file: /opt/airflow/dags/get_quotes.py
[2024-07-10 16:50:19,425] {manager.py:803} INFO - 
================================================================================
DAG File Processing Stats

File Path                              PID  Runtime      # DAGs    # Errors  Last Runtime    Last Run
-----------------------------------  -----  ---------  --------  ----------  --------------  -------------------
/opt/airflow/dags/upload_data_s3.py    568  0.02s             1           0  0.16s           2024-07-10T16:49:49
/opt/airflow/dags/get_quotes.py                               1           0  0.12s           2024-07-10T16:48:48
================================================================================
[2024-07-10 16:50:19,428] {manager.py:1005} WARNING - Skipping processing of missing file: /opt/airflow/dags/get_quotes.py
[2024-07-10 16:50:19,555] {manager.py:1005} WARNING - Skipping processing of missing file: /opt/airflow/dags/get_quotes.py
[2024-07-10 16:50:20,437] {manager.py:1005} WARNING - Skipping processing of missing file: /opt/airflow/dags/get_quotes.py
[2024-07-10 16:50:20,560] {manager.py:1005} WARNING - Skipping processing of missing file: /opt/airflow/dags/get_quotes.py
[2024-07-10 16:50:21,447] {manager.py:1005} WARNING - Skipping processing of missing file: /opt/airflow/dags/get_quotes.py
[2024-07-10 16:50:21,566] {manager.py:1005} WARNING - Skipping processing of missing file: /opt/airflow/dags/get_quotes.py
[2024-07-10 16:50:22,452] {manager.py:1005} WARNING - Skipping processing of missing file: /opt/airflow/dags/get_quotes.py
[2024-07-10 16:50:22,574] {manager.py:1005} WARNING - Skipping processing of missing file: /opt/airflow/dags/get_quotes.py
[2024-07-10 16:50:23,463] {manager.py:1005} WARNING - Skipping processing of missing file: /opt/airflow/dags/get_quotes.py
[2024-07-10 16:50:23,581] {manager.py:1005} WARNING - Skipping processing of missing file: /opt/airflow/dags/get_quotes.py
[2024-07-10 16:50:24,470] {manager.py:1005} WARNING - Skipping processing of missing file: /opt/airflow/dags/get_quotes.py
[2024-07-10 16:50:24,586] {manager.py:1005} WARNING - Skipping processing of missing file: /opt/airflow/dags/get_quotes.py
[2024-07-10 16:50:25,477] {manager.py:1005} WARNING - Skipping processing of missing file: /opt/airflow/dags/get_quotes.py
[2024-07-10 16:50:25,595] {manager.py:1005} WARNING - Skipping processing of missing file: /opt/airflow/dags/get_quotes.py
[2024-07-10 16:50:26,484] {manager.py:1005} WARNING - Skipping processing of missing file: /opt/airflow/dags/get_quotes.py
[2024-07-10 16:50:26,602] {manager.py:1005} WARNING - Skipping processing of missing file: /opt/airflow/dags/get_quotes.py
[2024-07-10 16:50:27,488] {manager.py:1005} WARNING - Skipping processing of missing file: /opt/airflow/dags/get_quotes.py
[2024-07-10 16:50:27,610] {manager.py:1005} WARNING - Skipping processing of missing file: /opt/airflow/dags/get_quotes.py
[2024-07-10 16:50:28,499] {manager.py:1005} WARNING - Skipping processing of missing file: /opt/airflow/dags/get_quotes.py
[2024-07-10 16:50:28,620] {manager.py:1005} WARNING - Skipping processing of missing file: /opt/airflow/dags/get_quotes.py
[2024-07-10 16:50:29,507] {manager.py:1005} WARNING - Skipping processing of missing file: /opt/airflow/dags/get_quotes.py
[2024-07-10 16:50:29,632] {manager.py:1005} WARNING - Skipping processing of missing file: /opt/airflow/dags/get_quotes.py
[2024-07-10 16:50:30,518] {manager.py:1005} WARNING - Skipping processing of missing file: /opt/airflow/dags/get_quotes.py
[2024-07-10 16:50:30,645] {manager.py:1005} WARNING - Skipping processing of missing file: /opt/airflow/dags/get_quotes.py
[2024-07-10 16:50:31,526] {manager.py:1005} WARNING - Skipping processing of missing file: /opt/airflow/dags/get_quotes.py
[2024-07-10 16:50:31,652] {manager.py:1005} WARNING - Skipping processing of missing file: /opt/airflow/dags/get_quotes.py
[2024-07-10 16:50:32,529] {manager.py:1005} WARNING - Skipping processing of missing file: /opt/airflow/dags/get_quotes.py
[2024-07-10 16:50:32,661] {manager.py:1005} WARNING - Skipping processing of missing file: /opt/airflow/dags/get_quotes.py
[2024-07-10 16:50:33,536] {manager.py:1005} WARNING - Skipping processing of missing file: /opt/airflow/dags/get_quotes.py
[2024-07-10 16:50:33,668] {manager.py:1005} WARNING - Skipping processing of missing file: /opt/airflow/dags/get_quotes.py
[2024-07-10 16:50:34,546] {manager.py:1005} WARNING - Skipping processing of missing file: /opt/airflow/dags/get_quotes.py
[2024-07-10 16:50:34,678] {manager.py:1005} WARNING - Skipping processing of missing file: /opt/airflow/dags/get_quotes.py
[2024-07-10 16:50:35,557] {manager.py:1005} WARNING - Skipping processing of missing file: /opt/airflow/dags/get_quotes.py
[2024-07-10 16:50:35,685] {manager.py:1005} WARNING - Skipping processing of missing file: /opt/airflow/dags/get_quotes.py
[2024-07-10 16:50:36,572] {manager.py:1005} WARNING - Skipping processing of missing file: /opt/airflow/dags/get_quotes.py
[2024-07-10 16:50:36,694] {manager.py:1005} WARNING - Skipping processing of missing file: /opt/airflow/dags/get_quotes.py
[2024-07-10 16:50:37,582] {manager.py:1005} WARNING - Skipping processing of missing file: /opt/airflow/dags/get_quotes.py
[2024-07-10 16:50:37,702] {manager.py:1005} WARNING - Skipping processing of missing file: /opt/airflow/dags/get_quotes.py
[2024-07-10 16:50:38,591] {manager.py:1005} WARNING - Skipping processing of missing file: /opt/airflow/dags/get_quotes.py
[2024-07-10 16:50:38,709] {manager.py:1005} WARNING - Skipping processing of missing file: /opt/airflow/dags/get_quotes.py
[2024-07-10 16:50:39,596] {manager.py:1005} WARNING - Skipping processing of missing file: /opt/airflow/dags/get_quotes.py
[2024-07-10 16:50:39,714] {manager.py:1005} WARNING - Skipping processing of missing file: /opt/airflow/dags/get_quotes.py
[2024-07-10 16:50:40,603] {manager.py:1005} WARNING - Skipping processing of missing file: /opt/airflow/dags/get_quotes.py
[2024-07-10 16:50:40,724] {manager.py:1005} WARNING - Skipping processing of missing file: /opt/airflow/dags/get_quotes.py
[2024-07-10 16:50:41,609] {manager.py:1005} WARNING - Skipping processing of missing file: /opt/airflow/dags/get_quotes.py
[2024-07-10 16:50:41,735] {manager.py:1005} WARNING - Skipping processing of missing file: /opt/airflow/dags/get_quotes.py
[2024-07-10 16:50:42,621] {manager.py:1005} WARNING - Skipping processing of missing file: /opt/airflow/dags/get_quotes.py
[2024-07-10 16:50:42,739] {manager.py:1005} WARNING - Skipping processing of missing file: /opt/airflow/dags/get_quotes.py
[2024-07-10 16:50:43,631] {manager.py:1005} WARNING - Skipping processing of missing file: /opt/airflow/dags/get_quotes.py
[2024-07-10 16:50:43,746] {manager.py:1005} WARNING - Skipping processing of missing file: /opt/airflow/dags/get_quotes.py
[2024-07-10 16:50:44,639] {manager.py:1005} WARNING - Skipping processing of missing file: /opt/airflow/dags/get_quotes.py
[2024-07-10 16:50:44,755] {manager.py:1005} WARNING - Skipping processing of missing file: /opt/airflow/dags/get_quotes.py
[2024-07-10 16:50:45,649] {manager.py:1005} WARNING - Skipping processing of missing file: /opt/airflow/dags/get_quotes.py
[2024-07-10 16:50:45,760] {manager.py:1005} WARNING - Skipping processing of missing file: /opt/airflow/dags/get_quotes.py
[2024-07-10 16:50:46,659] {manager.py:1005} WARNING - Skipping processing of missing file: /opt/airflow/dags/get_quotes.py
[2024-07-10 16:50:46,768] {manager.py:1005} WARNING - Skipping processing of missing file: /opt/airflow/dags/get_quotes.py
[2024-07-10 16:50:47,668] {manager.py:1005} WARNING - Skipping processing of missing file: /opt/airflow/dags/get_quotes.py
[2024-07-10 16:50:47,774] {manager.py:1005} WARNING - Skipping processing of missing file: /opt/airflow/dags/get_quotes.py
[2024-07-10 16:50:48,677] {manager.py:1005} WARNING - Skipping processing of missing file: /opt/airflow/dags/get_quotes.py
[2024-07-10 16:50:48,780] {manager.py:1005} WARNING - Skipping processing of missing file: /opt/airflow/dags/get_quotes.py
[2024-07-10 16:50:49,684] {manager.py:1005} WARNING - Skipping processing of missing file: /opt/airflow/dags/get_quotes.py
[2024-07-10 16:50:49,706] {manager.py:803} INFO - 
================================================================================
DAG File Processing Stats

File Path                              PID  Runtime      # DAGs    # Errors  Last Runtime    Last Run
-----------------------------------  -----  ---------  --------  ----------  --------------  -------------------
/opt/airflow/dags/upload_data_s3.py    600  0.02s             1           0  0.16s           2024-07-10T16:50:19
/opt/airflow/dags/get_quotes.py                               1           0  0.12s           2024-07-10T16:48:48
================================================================================
[2024-07-10 16:50:49,782] {manager.py:1005} WARNING - Skipping processing of missing file: /opt/airflow/dags/get_quotes.py
[2024-07-10 16:50:49,865] {manager.py:1005} WARNING - Skipping processing of missing file: /opt/airflow/dags/get_quotes.py
[2024-07-10 16:50:50,789] {manager.py:1005} WARNING - Skipping processing of missing file: /opt/airflow/dags/get_quotes.py
[2024-07-10 16:50:50,871] {manager.py:1005} WARNING - Skipping processing of missing file: /opt/airflow/dags/get_quotes.py
[2024-07-10 16:50:51,799] {manager.py:1005} WARNING - Skipping processing of missing file: /opt/airflow/dags/get_quotes.py
[2024-07-10 16:50:51,880] {manager.py:1005} WARNING - Skipping processing of missing file: /opt/airflow/dags/get_quotes.py
[2024-07-10 16:50:52,804] {manager.py:1005} WARNING - Skipping processing of missing file: /opt/airflow/dags/get_quotes.py
[2024-07-10 16:50:52,889] {manager.py:1005} WARNING - Skipping processing of missing file: /opt/airflow/dags/get_quotes.py
[2024-07-10 16:50:53,810] {manager.py:1005} WARNING - Skipping processing of missing file: /opt/airflow/dags/get_quotes.py
[2024-07-10 16:50:53,894] {manager.py:1005} WARNING - Skipping processing of missing file: /opt/airflow/dags/get_quotes.py
[2024-07-10 16:50:54,816] {manager.py:1005} WARNING - Skipping processing of missing file: /opt/airflow/dags/get_quotes.py
[2024-07-10 16:50:54,898] {manager.py:1005} WARNING - Skipping processing of missing file: /opt/airflow/dags/get_quotes.py
[2024-07-10 16:50:55,826] {manager.py:1005} WARNING - Skipping processing of missing file: /opt/airflow/dags/get_quotes.py
[2024-07-10 16:50:55,903] {manager.py:1005} WARNING - Skipping processing of missing file: /opt/airflow/dags/get_quotes.py
[2024-07-10 16:50:56,832] {manager.py:1005} WARNING - Skipping processing of missing file: /opt/airflow/dags/get_quotes.py
[2024-07-10 16:50:56,908] {manager.py:1005} WARNING - Skipping processing of missing file: /opt/airflow/dags/get_quotes.py
[2024-07-10 16:50:57,837] {manager.py:1005} WARNING - Skipping processing of missing file: /opt/airflow/dags/get_quotes.py
[2024-07-10 16:50:57,913] {manager.py:1005} WARNING - Skipping processing of missing file: /opt/airflow/dags/get_quotes.py
[2024-07-10 16:50:58,842] {manager.py:1005} WARNING - Skipping processing of missing file: /opt/airflow/dags/get_quotes.py
[2024-07-10 16:50:58,917] {manager.py:1005} WARNING - Skipping processing of missing file: /opt/airflow/dags/get_quotes.py
[2024-07-10 16:50:59,850] {manager.py:1005} WARNING - Skipping processing of missing file: /opt/airflow/dags/get_quotes.py
[2024-07-10 16:50:59,922] {manager.py:1005} WARNING - Skipping processing of missing file: /opt/airflow/dags/get_quotes.py
[2024-07-10 16:51:00,855] {manager.py:1005} WARNING - Skipping processing of missing file: /opt/airflow/dags/get_quotes.py
[2024-07-10 16:51:00,925] {manager.py:1005} WARNING - Skipping processing of missing file: /opt/airflow/dags/get_quotes.py
[2024-07-10 16:51:01,862] {manager.py:1005} WARNING - Skipping processing of missing file: /opt/airflow/dags/get_quotes.py
[2024-07-10 16:51:01,931] {manager.py:1005} WARNING - Skipping processing of missing file: /opt/airflow/dags/get_quotes.py
[2024-07-10 16:51:02,871] {manager.py:1005} WARNING - Skipping processing of missing file: /opt/airflow/dags/get_quotes.py
[2024-07-10 16:51:02,936] {manager.py:1005} WARNING - Skipping processing of missing file: /opt/airflow/dags/get_quotes.py
[2024-07-10 16:51:03,874] {manager.py:1005} WARNING - Skipping processing of missing file: /opt/airflow/dags/get_quotes.py
[2024-07-10 16:51:03,940] {manager.py:1005} WARNING - Skipping processing of missing file: /opt/airflow/dags/get_quotes.py
[2024-07-10 16:51:04,878] {manager.py:1005} WARNING - Skipping processing of missing file: /opt/airflow/dags/get_quotes.py
[2024-07-10 16:51:04,943] {manager.py:1005} WARNING - Skipping processing of missing file: /opt/airflow/dags/get_quotes.py
[2024-07-10 16:51:05,883] {manager.py:1005} WARNING - Skipping processing of missing file: /opt/airflow/dags/get_quotes.py
[2024-07-10 16:51:05,947] {manager.py:1005} WARNING - Skipping processing of missing file: /opt/airflow/dags/get_quotes.py
[2024-07-10 16:51:06,892] {manager.py:1005} WARNING - Skipping processing of missing file: /opt/airflow/dags/get_quotes.py
[2024-07-10 16:51:06,952] {manager.py:1005} WARNING - Skipping processing of missing file: /opt/airflow/dags/get_quotes.py
[2024-07-10 16:51:07,900] {manager.py:1005} WARNING - Skipping processing of missing file: /opt/airflow/dags/get_quotes.py
[2024-07-10 16:51:07,958] {manager.py:1005} WARNING - Skipping processing of missing file: /opt/airflow/dags/get_quotes.py
[2024-07-10 16:51:08,905] {manager.py:1005} WARNING - Skipping processing of missing file: /opt/airflow/dags/get_quotes.py
[2024-07-10 16:51:08,962] {manager.py:1005} WARNING - Skipping processing of missing file: /opt/airflow/dags/get_quotes.py
[2024-07-10 16:51:09,914] {manager.py:1005} WARNING - Skipping processing of missing file: /opt/airflow/dags/get_quotes.py
[2024-07-10 16:51:09,967] {manager.py:1005} WARNING - Skipping processing of missing file: /opt/airflow/dags/get_quotes.py
[2024-07-10 16:51:10,922] {manager.py:1005} WARNING - Skipping processing of missing file: /opt/airflow/dags/get_quotes.py
[2024-07-10 16:51:10,974] {manager.py:1005} WARNING - Skipping processing of missing file: /opt/airflow/dags/get_quotes.py
[2024-07-10 16:51:11,925] {manager.py:1005} WARNING - Skipping processing of missing file: /opt/airflow/dags/get_quotes.py
[2024-07-10 16:51:11,983] {manager.py:1005} WARNING - Skipping processing of missing file: /opt/airflow/dags/get_quotes.py
[2024-07-10 16:51:12,934] {manager.py:1005} WARNING - Skipping processing of missing file: /opt/airflow/dags/get_quotes.py
[2024-07-10 16:51:12,992] {manager.py:1005} WARNING - Skipping processing of missing file: /opt/airflow/dags/get_quotes.py
[2024-07-10 16:51:13,938] {manager.py:1005} WARNING - Skipping processing of missing file: /opt/airflow/dags/get_quotes.py
[2024-07-10 16:51:14,000] {manager.py:1005} WARNING - Skipping processing of missing file: /opt/airflow/dags/get_quotes.py
[2024-07-10 16:51:14,942] {manager.py:1005} WARNING - Skipping processing of missing file: /opt/airflow/dags/get_quotes.py
[2024-07-10 16:51:15,005] {manager.py:1005} WARNING - Skipping processing of missing file: /opt/airflow/dags/get_quotes.py
[2024-07-10 16:51:15,947] {manager.py:1005} WARNING - Skipping processing of missing file: /opt/airflow/dags/get_quotes.py
[2024-07-10 16:51:16,013] {manager.py:1005} WARNING - Skipping processing of missing file: /opt/airflow/dags/get_quotes.py
[2024-07-10 16:51:16,955] {manager.py:1005} WARNING - Skipping processing of missing file: /opt/airflow/dags/get_quotes.py
[2024-07-10 16:51:17,019] {manager.py:1005} WARNING - Skipping processing of missing file: /opt/airflow/dags/get_quotes.py
[2024-07-10 16:51:17,961] {manager.py:1005} WARNING - Skipping processing of missing file: /opt/airflow/dags/get_quotes.py
[2024-07-10 16:51:18,023] {manager.py:1005} WARNING - Skipping processing of missing file: /opt/airflow/dags/get_quotes.py
[2024-07-10 16:51:18,968] {manager.py:1005} WARNING - Skipping processing of missing file: /opt/airflow/dags/get_quotes.py
[2024-07-10 16:51:19,026] {manager.py:1005} WARNING - Skipping processing of missing file: /opt/airflow/dags/get_quotes.py
[2024-07-10 16:51:19,986] {manager.py:1005} WARNING - Skipping processing of missing file: /opt/airflow/dags/get_quotes.py
[2024-07-10 16:51:20,010] {manager.py:803} INFO - 
================================================================================
DAG File Processing Stats

File Path                              PID  Runtime      # DAGs    # Errors  Last Runtime    Last Run
-----------------------------------  -----  ---------  --------  ----------  --------------  -------------------
/opt/airflow/dags/upload_data_s3.py    632  0.02s             1           0  0.18s           2024-07-10T16:50:49
/opt/airflow/dags/get_quotes.py                               1           0  0.12s           2024-07-10T16:48:48
================================================================================
[2024-07-10 16:51:20,030] {manager.py:1005} WARNING - Skipping processing of missing file: /opt/airflow/dags/get_quotes.py
[2024-07-10 16:51:20,157] {manager.py:1005} WARNING - Skipping processing of missing file: /opt/airflow/dags/get_quotes.py
[2024-07-10 16:51:21,036] {manager.py:1005} WARNING - Skipping processing of missing file: /opt/airflow/dags/get_quotes.py
[2024-07-10 16:51:21,161] {manager.py:1005} WARNING - Skipping processing of missing file: /opt/airflow/dags/get_quotes.py
[2024-07-10 16:51:22,043] {manager.py:1005} WARNING - Skipping processing of missing file: /opt/airflow/dags/get_quotes.py
[2024-07-10 16:51:22,171] {manager.py:1005} WARNING - Skipping processing of missing file: /opt/airflow/dags/get_quotes.py
[2024-07-10 16:51:23,053] {manager.py:1005} WARNING - Skipping processing of missing file: /opt/airflow/dags/get_quotes.py
[2024-07-10 16:51:23,176] {manager.py:1005} WARNING - Skipping processing of missing file: /opt/airflow/dags/get_quotes.py
[2024-07-10 16:51:24,062] {manager.py:1005} WARNING - Skipping processing of missing file: /opt/airflow/dags/get_quotes.py
[2024-07-10 16:51:24,179] {manager.py:1005} WARNING - Skipping processing of missing file: /opt/airflow/dags/get_quotes.py
[2024-07-10 16:51:25,067] {manager.py:1005} WARNING - Skipping processing of missing file: /opt/airflow/dags/get_quotes.py
[2024-07-10 16:51:25,184] {manager.py:1005} WARNING - Skipping processing of missing file: /opt/airflow/dags/get_quotes.py
[2024-07-10 16:51:26,072] {manager.py:1005} WARNING - Skipping processing of missing file: /opt/airflow/dags/get_quotes.py
[2024-07-10 16:51:26,187] {manager.py:1005} WARNING - Skipping processing of missing file: /opt/airflow/dags/get_quotes.py
[2024-07-10 16:51:27,077] {manager.py:1005} WARNING - Skipping processing of missing file: /opt/airflow/dags/get_quotes.py
[2024-07-10 16:51:27,193] {manager.py:1005} WARNING - Skipping processing of missing file: /opt/airflow/dags/get_quotes.py
[2024-07-10 16:51:28,083] {manager.py:1005} WARNING - Skipping processing of missing file: /opt/airflow/dags/get_quotes.py
[2024-07-10 16:51:28,197] {manager.py:1005} WARNING - Skipping processing of missing file: /opt/airflow/dags/get_quotes.py
[2024-07-10 16:51:29,089] {manager.py:1005} WARNING - Skipping processing of missing file: /opt/airflow/dags/get_quotes.py
[2024-07-10 16:51:29,207] {manager.py:1005} WARNING - Skipping processing of missing file: /opt/airflow/dags/get_quotes.py
[2024-07-10 16:51:30,095] {manager.py:1005} WARNING - Skipping processing of missing file: /opt/airflow/dags/get_quotes.py
[2024-07-10 16:51:30,215] {manager.py:1005} WARNING - Skipping processing of missing file: /opt/airflow/dags/get_quotes.py
[2024-07-10 16:51:31,101] {manager.py:1005} WARNING - Skipping processing of missing file: /opt/airflow/dags/get_quotes.py
[2024-07-10 16:51:31,224] {manager.py:1005} WARNING - Skipping processing of missing file: /opt/airflow/dags/get_quotes.py
[2024-07-10 16:51:32,110] {manager.py:1005} WARNING - Skipping processing of missing file: /opt/airflow/dags/get_quotes.py
[2024-07-10 16:51:32,233] {manager.py:1005} WARNING - Skipping processing of missing file: /opt/airflow/dags/get_quotes.py
[2024-07-10 16:51:33,116] {manager.py:1005} WARNING - Skipping processing of missing file: /opt/airflow/dags/get_quotes.py
[2024-07-10 16:51:33,245] {manager.py:1005} WARNING - Skipping processing of missing file: /opt/airflow/dags/get_quotes.py
[2024-07-10 16:51:34,122] {manager.py:1005} WARNING - Skipping processing of missing file: /opt/airflow/dags/get_quotes.py
[2024-07-10 16:51:34,253] {manager.py:1005} WARNING - Skipping processing of missing file: /opt/airflow/dags/get_quotes.py
[2024-07-10 16:51:35,127] {manager.py:1005} WARNING - Skipping processing of missing file: /opt/airflow/dags/get_quotes.py
[2024-07-10 16:51:35,257] {manager.py:1005} WARNING - Skipping processing of missing file: /opt/airflow/dags/get_quotes.py
[2024-07-10 16:51:36,130] {manager.py:1005} WARNING - Skipping processing of missing file: /opt/airflow/dags/get_quotes.py
[2024-07-10 16:51:36,260] {manager.py:1005} WARNING - Skipping processing of missing file: /opt/airflow/dags/get_quotes.py
[2024-07-10 16:51:37,135] {manager.py:1005} WARNING - Skipping processing of missing file: /opt/airflow/dags/get_quotes.py
[2024-07-10 16:51:37,266] {manager.py:1005} WARNING - Skipping processing of missing file: /opt/airflow/dags/get_quotes.py
[2024-07-10 16:51:38,142] {manager.py:1005} WARNING - Skipping processing of missing file: /opt/airflow/dags/get_quotes.py
[2024-07-10 16:51:38,270] {manager.py:1005} WARNING - Skipping processing of missing file: /opt/airflow/dags/get_quotes.py
[2024-07-10 16:51:39,151] {manager.py:1005} WARNING - Skipping processing of missing file: /opt/airflow/dags/get_quotes.py
[2024-07-10 16:51:39,278] {manager.py:1005} WARNING - Skipping processing of missing file: /opt/airflow/dags/get_quotes.py
[2024-07-10 16:51:40,160] {manager.py:1005} WARNING - Skipping processing of missing file: /opt/airflow/dags/get_quotes.py
[2024-07-10 16:51:40,284] {manager.py:1005} WARNING - Skipping processing of missing file: /opt/airflow/dags/get_quotes.py
[2024-07-10 16:51:41,167] {manager.py:1005} WARNING - Skipping processing of missing file: /opt/airflow/dags/get_quotes.py
[2024-07-10 16:51:41,291] {manager.py:1005} WARNING - Skipping processing of missing file: /opt/airflow/dags/get_quotes.py
[2024-07-10 16:51:42,173] {manager.py:1005} WARNING - Skipping processing of missing file: /opt/airflow/dags/get_quotes.py
[2024-07-10 16:51:42,295] {manager.py:1005} WARNING - Skipping processing of missing file: /opt/airflow/dags/get_quotes.py
[2024-07-10 16:51:43,182] {manager.py:1005} WARNING - Skipping processing of missing file: /opt/airflow/dags/get_quotes.py
[2024-07-10 16:51:43,304] {manager.py:1005} WARNING - Skipping processing of missing file: /opt/airflow/dags/get_quotes.py
[2024-07-10 16:51:44,187] {manager.py:1005} WARNING - Skipping processing of missing file: /opt/airflow/dags/get_quotes.py
[2024-07-10 16:51:44,310] {manager.py:1005} WARNING - Skipping processing of missing file: /opt/airflow/dags/get_quotes.py
[2024-07-10 16:51:45,195] {manager.py:1005} WARNING - Skipping processing of missing file: /opt/airflow/dags/get_quotes.py
[2024-07-10 16:51:45,315] {manager.py:1005} WARNING - Skipping processing of missing file: /opt/airflow/dags/get_quotes.py
[2024-07-10 16:51:46,205] {manager.py:1005} WARNING - Skipping processing of missing file: /opt/airflow/dags/get_quotes.py
[2024-07-10 16:51:46,324] {manager.py:1005} WARNING - Skipping processing of missing file: /opt/airflow/dags/get_quotes.py
[2024-07-10 16:51:47,208] {manager.py:1005} WARNING - Skipping processing of missing file: /opt/airflow/dags/get_quotes.py
[2024-07-10 16:51:47,327] {manager.py:1005} WARNING - Skipping processing of missing file: /opt/airflow/dags/get_quotes.py
[2024-07-10 16:51:48,214] {manager.py:1005} WARNING - Skipping processing of missing file: /opt/airflow/dags/get_quotes.py
[2024-07-10 16:51:48,335] {manager.py:1005} WARNING - Skipping processing of missing file: /opt/airflow/dags/get_quotes.py
[2024-07-10 16:51:49,220] {manager.py:1005} WARNING - Skipping processing of missing file: /opt/airflow/dags/get_quotes.py
[2024-07-10 16:51:49,339] {manager.py:1005} WARNING - Skipping processing of missing file: /opt/airflow/dags/get_quotes.py
[2024-07-10 16:51:50,229] {manager.py:1005} WARNING - Skipping processing of missing file: /opt/airflow/dags/get_quotes.py
[2024-07-10 16:51:50,249] {manager.py:803} INFO - 
================================================================================
DAG File Processing Stats

File Path                              PID  Runtime      # DAGs    # Errors  Last Runtime    Last Run
-----------------------------------  -----  ---------  --------  ----------  --------------  -------------------
/opt/airflow/dags/upload_data_s3.py    664  0.01s             1           0  0.17s           2024-07-10T16:51:20
/opt/airflow/dags/get_quotes.py                               1           0  0.12s           2024-07-10T16:48:48
================================================================================
[2024-07-10 16:51:50,343] {manager.py:1005} WARNING - Skipping processing of missing file: /opt/airflow/dags/get_quotes.py
[2024-07-10 16:51:50,370] {manager.py:1005} WARNING - Skipping processing of missing file: /opt/airflow/dags/get_quotes.py
[2024-07-10 16:51:51,349] {manager.py:1005} WARNING - Skipping processing of missing file: /opt/airflow/dags/get_quotes.py
[2024-07-10 16:51:51,379] {manager.py:1005} WARNING - Skipping processing of missing file: /opt/airflow/dags/get_quotes.py
[2024-07-10 16:51:52,357] {manager.py:1005} WARNING - Skipping processing of missing file: /opt/airflow/dags/get_quotes.py
[2024-07-10 16:51:52,386] {manager.py:1005} WARNING - Skipping processing of missing file: /opt/airflow/dags/get_quotes.py
[2024-07-10 16:51:53,364] {manager.py:1005} WARNING - Skipping processing of missing file: /opt/airflow/dags/get_quotes.py
[2024-07-10 16:51:53,392] {manager.py:1005} WARNING - Skipping processing of missing file: /opt/airflow/dags/get_quotes.py
[2024-07-10 16:51:54,369] {manager.py:1005} WARNING - Skipping processing of missing file: /opt/airflow/dags/get_quotes.py
[2024-07-10 16:51:54,395] {manager.py:1005} WARNING - Skipping processing of missing file: /opt/airflow/dags/get_quotes.py
[2024-07-10 16:51:55,380] {manager.py:1005} WARNING - Skipping processing of missing file: /opt/airflow/dags/get_quotes.py
[2024-07-10 16:51:55,397] {manager.py:1005} WARNING - Skipping processing of missing file: /opt/airflow/dags/get_quotes.py
[2024-07-10 16:51:56,388] {manager.py:1005} WARNING - Skipping processing of missing file: /opt/airflow/dags/get_quotes.py
[2024-07-10 16:51:56,401] {manager.py:1005} WARNING - Skipping processing of missing file: /opt/airflow/dags/get_quotes.py
[2024-07-10 16:51:57,396] {manager.py:1005} WARNING - Skipping processing of missing file: /opt/airflow/dags/get_quotes.py
[2024-07-10 16:51:57,405] {manager.py:1005} WARNING - Skipping processing of missing file: /opt/airflow/dags/get_quotes.py
[2024-07-10 16:51:58,400] {manager.py:1005} WARNING - Skipping processing of missing file: /opt/airflow/dags/get_quotes.py
[2024-07-10 16:51:58,409] {manager.py:1005} WARNING - Skipping processing of missing file: /opt/airflow/dags/get_quotes.py
[2024-07-10 16:51:59,405] {manager.py:1005} WARNING - Skipping processing of missing file: /opt/airflow/dags/get_quotes.py
[2024-07-10 16:51:59,413] {manager.py:1005} WARNING - Skipping processing of missing file: /opt/airflow/dags/get_quotes.py
[2024-07-10 16:52:00,412] {manager.py:1005} WARNING - Skipping processing of missing file: /opt/airflow/dags/get_quotes.py
[2024-07-10 16:52:00,415] {manager.py:1005} WARNING - Skipping processing of missing file: /opt/airflow/dags/get_quotes.py
[2024-07-10 16:52:01,421] {manager.py:1005} WARNING - Skipping processing of missing file: /opt/airflow/dags/get_quotes.py
[2024-07-10 16:52:01,422] {manager.py:1005} WARNING - Skipping processing of missing file: /opt/airflow/dags/get_quotes.py
[2024-07-10 16:52:02,428] {manager.py:1005} WARNING - Skipping processing of missing file: /opt/airflow/dags/get_quotes.py
[2024-07-10 16:52:02,430] {manager.py:1005} WARNING - Skipping processing of missing file: /opt/airflow/dags/get_quotes.py
[2024-07-10 16:52:03,436] {manager.py:1005} WARNING - Skipping processing of missing file: /opt/airflow/dags/get_quotes.py
[2024-07-10 16:52:03,438] {manager.py:1005} WARNING - Skipping processing of missing file: /opt/airflow/dags/get_quotes.py
[2024-07-10 16:52:04,443] {manager.py:1005} WARNING - Skipping processing of missing file: /opt/airflow/dags/get_quotes.py
[2024-07-10 16:52:04,445] {manager.py:1005} WARNING - Skipping processing of missing file: /opt/airflow/dags/get_quotes.py
[2024-07-10 16:52:05,449] {manager.py:1005} WARNING - Skipping processing of missing file: /opt/airflow/dags/get_quotes.py
[2024-07-10 16:52:05,452] {manager.py:1005} WARNING - Skipping processing of missing file: /opt/airflow/dags/get_quotes.py
[2024-07-10 16:52:06,457] {manager.py:1005} WARNING - Skipping processing of missing file: /opt/airflow/dags/get_quotes.py
[2024-07-10 16:52:06,460] {manager.py:1005} WARNING - Skipping processing of missing file: /opt/airflow/dags/get_quotes.py
[2024-07-10 16:52:07,468] {manager.py:1005} WARNING - Skipping processing of missing file: /opt/airflow/dags/get_quotes.py
[2024-07-10 16:52:07,468] {manager.py:1005} WARNING - Skipping processing of missing file: /opt/airflow/dags/get_quotes.py
[2024-07-10 16:52:08,478] {manager.py:1005} WARNING - Skipping processing of missing file: /opt/airflow/dags/get_quotes.py
[2024-07-10 16:52:08,481] {manager.py:1005} WARNING - Skipping processing of missing file: /opt/airflow/dags/get_quotes.py
[2024-07-10 16:52:09,489] {manager.py:1005} WARNING - Skipping processing of missing file: /opt/airflow/dags/get_quotes.py
[2024-07-10 16:52:09,491] {manager.py:1005} WARNING - Skipping processing of missing file: /opt/airflow/dags/get_quotes.py
[2024-07-10 16:52:10,499] {manager.py:1005} WARNING - Skipping processing of missing file: /opt/airflow/dags/get_quotes.py
[2024-07-10 16:52:10,501] {manager.py:1005} WARNING - Skipping processing of missing file: /opt/airflow/dags/get_quotes.py
[2024-07-10 16:52:11,507] {manager.py:1005} WARNING - Skipping processing of missing file: /opt/airflow/dags/get_quotes.py
[2024-07-10 16:52:11,509] {manager.py:1005} WARNING - Skipping processing of missing file: /opt/airflow/dags/get_quotes.py
[2024-07-10 16:52:12,517] {manager.py:1005} WARNING - Skipping processing of missing file: /opt/airflow/dags/get_quotes.py
[2024-07-10 16:52:12,520] {manager.py:1005} WARNING - Skipping processing of missing file: /opt/airflow/dags/get_quotes.py
[2024-07-10 16:52:13,525] {manager.py:1005} WARNING - Skipping processing of missing file: /opt/airflow/dags/get_quotes.py
[2024-07-10 16:52:13,527] {manager.py:1005} WARNING - Skipping processing of missing file: /opt/airflow/dags/get_quotes.py
[2024-07-10 16:52:14,533] {manager.py:1005} WARNING - Skipping processing of missing file: /opt/airflow/dags/get_quotes.py
[2024-07-10 16:52:14,534] {manager.py:1005} WARNING - Skipping processing of missing file: /opt/airflow/dags/get_quotes.py
[2024-07-10 16:52:15,539] {manager.py:1005} WARNING - Skipping processing of missing file: /opt/airflow/dags/get_quotes.py
[2024-07-10 16:52:15,540] {manager.py:1005} WARNING - Skipping processing of missing file: /opt/airflow/dags/get_quotes.py
[2024-07-10 16:52:16,549] {manager.py:1005} WARNING - Skipping processing of missing file: /opt/airflow/dags/get_quotes.py
[2024-07-10 16:52:16,551] {manager.py:1005} WARNING - Skipping processing of missing file: /opt/airflow/dags/get_quotes.py
[2024-07-10 16:52:17,558] {manager.py:684} INFO - Searching for files in /opt/airflow/dags
[2024-07-10 16:52:17,566] {manager.py:687} INFO - There are 1 files in /opt/airflow/dags
[2024-07-10 16:52:20,631] {manager.py:803} INFO - 
================================================================================
DAG File Processing Stats

File Path                              PID  Runtime      # DAGs    # Errors  Last Runtime    Last Run
-----------------------------------  -----  ---------  --------  ----------  --------------  -------------------
/opt/airflow/dags/upload_data_s3.py    696  0.01s             1           0  0.14s           2024-07-10T16:51:50
================================================================================
[2024-07-10 16:52:50,819] {manager.py:803} INFO - 
================================================================================
DAG File Processing Stats

File Path                            PID    Runtime      # DAGs    # Errors  Last Runtime    Last Run
-----------------------------------  -----  ---------  --------  ----------  --------------  -------------------
/opt/airflow/dags/upload_data_s3.py                           1           0  0.26s           2024-07-10T16:52:20
================================================================================
[2024-07-10 16:53:21,261] {manager.py:803} INFO - 
================================================================================
DAG File Processing Stats

File Path                            PID    Runtime      # DAGs    # Errors  Last Runtime    Last Run
-----------------------------------  -----  ---------  --------  ----------  --------------  -------------------
/opt/airflow/dags/upload_data_s3.py                           1           0  0.31s           2024-07-10T16:52:51
================================================================================
[2024-07-10 16:53:51,734] {manager.py:803} INFO - 
================================================================================
DAG File Processing Stats

File Path                            PID    Runtime      # DAGs    # Errors  Last Runtime    Last Run
-----------------------------------  -----  ---------  --------  ----------  --------------  -------------------
/opt/airflow/dags/upload_data_s3.py                           1           0  0.38s           2024-07-10T16:53:21
================================================================================
[2024-07-10 16:54:22,222] {manager.py:803} INFO - 
================================================================================
DAG File Processing Stats

File Path                            PID    Runtime      # DAGs    # Errors  Last Runtime    Last Run
-----------------------------------  -----  ---------  --------  ----------  --------------  -------------------
/opt/airflow/dags/upload_data_s3.py                           1           0  0.37s           2024-07-10T16:53:52
================================================================================
[2024-07-10 16:54:52,810] {manager.py:803} INFO - 
================================================================================
DAG File Processing Stats

File Path                            PID    Runtime      # DAGs    # Errors  Last Runtime    Last Run
-----------------------------------  -----  ---------  --------  ----------  --------------  -------------------
/opt/airflow/dags/upload_data_s3.py                           1           0  0.29s           2024-07-10T16:54:22
================================================================================
[2024-07-10 16:55:23,258] {manager.py:803} INFO - 
================================================================================
DAG File Processing Stats

File Path                            PID    Runtime      # DAGs    # Errors  Last Runtime    Last Run
-----------------------------------  -----  ---------  --------  ----------  --------------  -------------------
/opt/airflow/dags/upload_data_s3.py                           1           0  0.34s           2024-07-10T16:54:53
================================================================================
[2024-07-10 16:55:53,753] {manager.py:803} INFO - 
================================================================================
DAG File Processing Stats

File Path                            PID    Runtime      # DAGs    # Errors  Last Runtime    Last Run
-----------------------------------  -----  ---------  --------  ----------  --------------  -------------------
/opt/airflow/dags/upload_data_s3.py                           1           0  0.26s           2024-07-10T16:55:23
================================================================================
[2024-07-10 16:56:24,188] {manager.py:803} INFO - 
================================================================================
DAG File Processing Stats

File Path                            PID    Runtime      # DAGs    # Errors  Last Runtime    Last Run
-----------------------------------  -----  ---------  --------  ----------  --------------  -------------------
/opt/airflow/dags/upload_data_s3.py                           1           0  0.33s           2024-07-10T16:55:54
================================================================================
[2024-07-10 16:56:54,740] {manager.py:803} INFO - 
================================================================================
DAG File Processing Stats

File Path                            PID    Runtime      # DAGs    # Errors  Last Runtime    Last Run
-----------------------------------  -----  ---------  --------  ----------  --------------  -------------------
/opt/airflow/dags/upload_data_s3.py                           1           0  0.29s           2024-07-10T16:56:24
================================================================================
[2024-07-10 16:57:18,122] {manager.py:684} INFO - Searching for files in /opt/airflow/dags
[2024-07-10 16:57:18,138] {manager.py:687} INFO - There are 1 files in /opt/airflow/dags
[2024-07-10 16:57:25,216] {manager.py:803} INFO - 
================================================================================
DAG File Processing Stats

File Path                            PID    Runtime      # DAGs    # Errors  Last Runtime    Last Run
-----------------------------------  -----  ---------  --------  ----------  --------------  -------------------
/opt/airflow/dags/upload_data_s3.py                           1           0  0.33s           2024-07-10T16:56:55
================================================================================
[2024-07-10 16:57:55,672] {manager.py:803} INFO - 
================================================================================
DAG File Processing Stats

File Path                            PID    Runtime      # DAGs    # Errors  Last Runtime    Last Run
-----------------------------------  -----  ---------  --------  ----------  --------------  -------------------
/opt/airflow/dags/upload_data_s3.py                           1           0  0.31s           2024-07-10T16:57:25
================================================================================
[2024-07-10 16:58:26,121] {manager.py:803} INFO - 
================================================================================
DAG File Processing Stats

File Path                            PID    Runtime      # DAGs    # Errors  Last Runtime    Last Run
-----------------------------------  -----  ---------  --------  ----------  --------------  -------------------
/opt/airflow/dags/upload_data_s3.py                           1           0  0.27s           2024-07-10T16:57:56
================================================================================
[2024-07-10 16:58:56,581] {manager.py:803} INFO - 
================================================================================
DAG File Processing Stats

File Path                            PID    Runtime      # DAGs    # Errors  Last Runtime    Last Run
-----------------------------------  -----  ---------  --------  ----------  --------------  -------------------
/opt/airflow/dags/upload_data_s3.py                           1           0  0.37s           2024-07-10T16:58:26
================================================================================
[2024-07-10 16:59:27,157] {manager.py:803} INFO - 
================================================================================
DAG File Processing Stats

File Path                            PID    Runtime      # DAGs    # Errors  Last Runtime    Last Run
-----------------------------------  -----  ---------  --------  ----------  --------------  -------------------
/opt/airflow/dags/upload_data_s3.py                           1           0  0.41s           2024-07-10T16:58:57
================================================================================
[2024-07-10 16:59:58,045] {manager.py:803} INFO - 
================================================================================
DAG File Processing Stats

File Path                            PID    Runtime      # DAGs    # Errors  Last Runtime    Last Run
-----------------------------------  -----  ---------  --------  ----------  --------------  -------------------
/opt/airflow/dags/upload_data_s3.py                           1           0  0.42s           2024-07-10T16:59:53
================================================================================
[2024-07-10 17:00:28,293] {manager.py:803} INFO - 
================================================================================
DAG File Processing Stats

File Path                            PID    Runtime      # DAGs    # Errors  Last Runtime    Last Run
-----------------------------------  -----  ---------  --------  ----------  --------------  -------------------
/opt/airflow/dags/upload_data_s3.py                           1           0  0.31s           2024-07-10T17:00:23
================================================================================
[2024-07-10 17:00:58,473] {manager.py:803} INFO - 
================================================================================
DAG File Processing Stats

File Path                            PID    Runtime      # DAGs    # Errors  Last Runtime    Last Run
-----------------------------------  -----  ---------  --------  ----------  --------------  -------------------
/opt/airflow/dags/upload_data_s3.py                           0           1  0.14s           2024-07-10T17:00:52
================================================================================
[2024-07-10 17:01:28,772] {manager.py:803} INFO - 
================================================================================
DAG File Processing Stats

File Path                            PID    Runtime      # DAGs    # Errors  Last Runtime    Last Run
-----------------------------------  -----  ---------  --------  ----------  --------------  -------------------
/opt/airflow/dags/upload_data_s3.py                           1           0  0.35s           2024-07-10T17:01:17
================================================================================
[2024-07-10 17:01:59,138] {manager.py:803} INFO - 
================================================================================
DAG File Processing Stats

File Path                            PID    Runtime      # DAGs    # Errors  Last Runtime    Last Run
-----------------------------------  -----  ---------  --------  ----------  --------------  -------------------
/opt/airflow/dags/upload_data_s3.py                           1           0  0.29s           2024-07-10T17:01:48
================================================================================
[2024-07-10 17:02:18,272] {manager.py:684} INFO - Searching for files in /opt/airflow/dags
[2024-07-10 17:02:18,284] {manager.py:687} INFO - There are 1 files in /opt/airflow/dags
[2024-07-10 17:02:29,631] {manager.py:803} INFO - 
================================================================================
DAG File Processing Stats

File Path                            PID    Runtime      # DAGs    # Errors  Last Runtime    Last Run
-----------------------------------  -----  ---------  --------  ----------  --------------  -------------------
/opt/airflow/dags/upload_data_s3.py                           1           0  0.39s           2024-07-10T17:02:18
================================================================================
[2024-07-10 17:03:00,127] {manager.py:803} INFO - 
================================================================================
DAG File Processing Stats

File Path                            PID    Runtime      # DAGs    # Errors  Last Runtime    Last Run
-----------------------------------  -----  ---------  --------  ----------  --------------  -------------------
/opt/airflow/dags/upload_data_s3.py                           1           0  0.27s           2024-07-10T17:02:49
================================================================================
[2024-07-10 17:03:30,558] {manager.py:803} INFO - 
================================================================================
DAG File Processing Stats

File Path                            PID    Runtime      # DAGs    # Errors  Last Runtime    Last Run
-----------------------------------  -----  ---------  --------  ----------  --------------  -------------------
/opt/airflow/dags/upload_data_s3.py                           1           0  0.27s           2024-07-10T17:03:19
================================================================================
[2024-07-10 17:04:00,998] {manager.py:803} INFO - 
================================================================================
DAG File Processing Stats

File Path                            PID    Runtime      # DAGs    # Errors  Last Runtime    Last Run
-----------------------------------  -----  ---------  --------  ----------  --------------  -------------------
/opt/airflow/dags/upload_data_s3.py                           1           0  0.28s           2024-07-10T17:03:50
================================================================================
[2024-07-10 17:04:31,470] {manager.py:803} INFO - 
================================================================================
DAG File Processing Stats

File Path                            PID    Runtime      # DAGs    # Errors  Last Runtime    Last Run
-----------------------------------  -----  ---------  --------  ----------  --------------  -------------------
/opt/airflow/dags/upload_data_s3.py                           1           0  0.29s           2024-07-10T17:04:20
================================================================================
[2024-07-10 17:05:01,968] {manager.py:803} INFO - 
================================================================================
DAG File Processing Stats

File Path                            PID    Runtime      # DAGs    # Errors  Last Runtime    Last Run
-----------------------------------  -----  ---------  --------  ----------  --------------  -------------------
/opt/airflow/dags/upload_data_s3.py                           1           0  0.35s           2024-07-10T17:04:51
================================================================================
[2024-07-10 17:05:32,483] {manager.py:803} INFO - 
================================================================================
DAG File Processing Stats

File Path                            PID    Runtime      # DAGs    # Errors  Last Runtime    Last Run
-----------------------------------  -----  ---------  --------  ----------  --------------  -------------------
/opt/airflow/dags/upload_data_s3.py                           1           0  0.28s           2024-07-10T17:05:21
================================================================================
[2024-07-10 17:06:02,915] {manager.py:803} INFO - 
================================================================================
DAG File Processing Stats

File Path                            PID    Runtime      # DAGs    # Errors  Last Runtime    Last Run
-----------------------------------  -----  ---------  --------  ----------  --------------  -------------------
/opt/airflow/dags/upload_data_s3.py                           1           0  0.34s           2024-07-10T17:05:52
================================================================================
[2024-07-10 17:06:33,442] {manager.py:803} INFO - 
================================================================================
DAG File Processing Stats

File Path                            PID    Runtime      # DAGs    # Errors  Last Runtime    Last Run
-----------------------------------  -----  ---------  --------  ----------  --------------  -------------------
/opt/airflow/dags/upload_data_s3.py                           1           0  0.31s           2024-07-10T17:06:22
================================================================================
[2024-07-10 17:07:03,926] {manager.py:803} INFO - 
================================================================================
DAG File Processing Stats

File Path                            PID    Runtime      # DAGs    # Errors  Last Runtime    Last Run
-----------------------------------  -----  ---------  --------  ----------  --------------  -------------------
/opt/airflow/dags/upload_data_s3.py                           1           0  0.27s           2024-07-10T17:06:53
================================================================================
[2024-07-10 17:07:19,037] {manager.py:684} INFO - Searching for files in /opt/airflow/dags
[2024-07-10 17:07:19,050] {manager.py:687} INFO - There are 1 files in /opt/airflow/dags
[2024-07-10 17:07:34,387] {manager.py:803} INFO - 
================================================================================
DAG File Processing Stats

File Path                            PID    Runtime      # DAGs    # Errors  Last Runtime    Last Run
-----------------------------------  -----  ---------  --------  ----------  --------------  -------------------
/opt/airflow/dags/upload_data_s3.py                           1           0  0.28s           2024-07-10T17:07:23
================================================================================
[2024-07-10 17:08:04,790] {manager.py:803} INFO - 
================================================================================
DAG File Processing Stats

File Path                            PID    Runtime      # DAGs    # Errors  Last Runtime    Last Run
-----------------------------------  -----  ---------  --------  ----------  --------------  -------------------
/opt/airflow/dags/upload_data_s3.py                           1           0  0.40s           2024-07-10T17:07:54
================================================================================
[2024-07-10 17:08:35,324] {manager.py:803} INFO - 
================================================================================
DAG File Processing Stats

File Path                            PID    Runtime      # DAGs    # Errors  Last Runtime    Last Run
-----------------------------------  -----  ---------  --------  ----------  --------------  -------------------
/opt/airflow/dags/upload_data_s3.py                           1           0  0.30s           2024-07-10T17:08:24
================================================================================
[2024-07-10 17:09:05,790] {manager.py:803} INFO - 
================================================================================
DAG File Processing Stats

File Path                            PID    Runtime      # DAGs    # Errors  Last Runtime    Last Run
-----------------------------------  -----  ---------  --------  ----------  --------------  -------------------
/opt/airflow/dags/upload_data_s3.py                           1           0  0.28s           2024-07-10T17:08:55
================================================================================
[2024-07-10 17:09:36,227] {manager.py:803} INFO - 
================================================================================
DAG File Processing Stats

File Path                            PID    Runtime      # DAGs    # Errors  Last Runtime    Last Run
-----------------------------------  -----  ---------  --------  ----------  --------------  -------------------
/opt/airflow/dags/upload_data_s3.py                           1           0  0.37s           2024-07-10T17:09:25
================================================================================
[2024-07-10 17:10:06,746] {manager.py:803} INFO - 
================================================================================
DAG File Processing Stats

File Path                            PID    Runtime      # DAGs    # Errors  Last Runtime    Last Run
-----------------------------------  -----  ---------  --------  ----------  --------------  -------------------
/opt/airflow/dags/upload_data_s3.py                           1           0  0.34s           2024-07-10T17:09:56
================================================================================
[2024-07-10 17:10:37,223] {manager.py:803} INFO - 
================================================================================
DAG File Processing Stats

File Path                            PID    Runtime      # DAGs    # Errors  Last Runtime    Last Run
-----------------------------------  -----  ---------  --------  ----------  --------------  -------------------
/opt/airflow/dags/upload_data_s3.py                           1           0  0.35s           2024-07-10T17:10:26
================================================================================
[2024-07-10 17:11:07,710] {manager.py:803} INFO - 
================================================================================
DAG File Processing Stats

File Path                            PID    Runtime      # DAGs    # Errors  Last Runtime    Last Run
-----------------------------------  -----  ---------  --------  ----------  --------------  -------------------
/opt/airflow/dags/upload_data_s3.py                           1           0  0.29s           2024-07-10T17:10:56
================================================================================
[2024-07-10 17:11:38,169] {manager.py:803} INFO - 
================================================================================
DAG File Processing Stats

File Path                            PID    Runtime      # DAGs    # Errors  Last Runtime    Last Run
-----------------------------------  -----  ---------  --------  ----------  --------------  -------------------
/opt/airflow/dags/upload_data_s3.py                           1           0  0.29s           2024-07-10T17:11:27
================================================================================
[2024-07-10 17:12:08,632] {manager.py:803} INFO - 
================================================================================
DAG File Processing Stats

File Path                            PID    Runtime      # DAGs    # Errors  Last Runtime    Last Run
-----------------------------------  -----  ---------  --------  ----------  --------------  -------------------
/opt/airflow/dags/upload_data_s3.py                           1           0  0.28s           2024-07-10T17:11:57
================================================================================
[2024-07-10 17:12:19,710] {manager.py:684} INFO - Searching for files in /opt/airflow/dags
[2024-07-10 17:12:19,722] {manager.py:687} INFO - There are 1 files in /opt/airflow/dags
[2024-07-10 17:12:39,023] {manager.py:803} INFO - 
================================================================================
DAG File Processing Stats

File Path                            PID    Runtime      # DAGs    # Errors  Last Runtime    Last Run
-----------------------------------  -----  ---------  --------  ----------  --------------  -------------------
/opt/airflow/dags/upload_data_s3.py                           1           0  0.22s           2024-07-10T17:12:28
================================================================================
[2024-07-10 17:13:09,414] {manager.py:803} INFO - 
================================================================================
DAG File Processing Stats

File Path                            PID    Runtime      # DAGs    # Errors  Last Runtime    Last Run
-----------------------------------  -----  ---------  --------  ----------  --------------  -------------------
/opt/airflow/dags/upload_data_s3.py                           1           0  0.32s           2024-07-10T17:12:58
================================================================================
[2024-07-10 17:13:39,905] {manager.py:803} INFO - 
================================================================================
DAG File Processing Stats

File Path                            PID    Runtime      # DAGs    # Errors  Last Runtime    Last Run
-----------------------------------  -----  ---------  --------  ----------  --------------  -------------------
/opt/airflow/dags/upload_data_s3.py                           1           0  0.22s           2024-07-10T17:13:29
================================================================================
[2024-07-10 17:14:02,677] {manager.py:455} INFO - Exiting gracefully upon receiving signal 15
