[2024-07-10 17:07:53,860] {taskinstance.py:1159} INFO - Dependencies all met for <TaskInstance: spotify_to_s3.fetch_today_top_hits manual__2024-07-10T17:07:52.406561+00:00 [queued]>
[2024-07-10 17:07:53,999] {taskinstance.py:1159} INFO - Dependencies all met for <TaskInstance: spotify_to_s3.fetch_today_top_hits manual__2024-07-10T17:07:52.406561+00:00 [queued]>
[2024-07-10 17:07:53,999] {taskinstance.py:1356} INFO - 
--------------------------------------------------------------------------------
[2024-07-10 17:07:54,000] {taskinstance.py:1357} INFO - Starting attempt 1 of 2
[2024-07-10 17:07:54,000] {taskinstance.py:1358} INFO - 
--------------------------------------------------------------------------------
[2024-07-10 17:07:54,013] {taskinstance.py:1377} INFO - Executing <Task(PythonOperator): fetch_today_top_hits> on 2024-07-10 17:07:52.406561+00:00
[2024-07-10 17:07:54,019] {standard_task_runner.py:52} INFO - Started process 1672 to run task
[2024-07-10 17:07:54,022] {standard_task_runner.py:79} INFO - Running: ['***', 'tasks', 'run', 'spotify_to_s3', 'fetch_today_top_hits', 'manual__2024-07-10T17:07:52.406561+00:00', '--job-id', '20', '--raw', '--subdir', 'DAGS_FOLDER/upload_data_s3.py', '--cfg-path', '/tmp/tmpt03665bn', '--error-file', '/tmp/tmp7pehcx9z']
[2024-07-10 17:07:54,023] {standard_task_runner.py:80} INFO - Job 20: Subtask fetch_today_top_hits
[2024-07-10 17:07:54,088] {task_command.py:369} INFO - Running <TaskInstance: spotify_to_s3.fetch_today_top_hits manual__2024-07-10T17:07:52.406561+00:00 [running]> on host be84cfafb07d
[2024-07-10 17:07:54,156] {taskinstance.py:1571} INFO - Exporting the following env vars:
AIRFLOW_CTX_DAG_OWNER=***
AIRFLOW_CTX_DAG_ID=spotify_to_s3
AIRFLOW_CTX_TASK_ID=fetch_today_top_hits
AIRFLOW_CTX_EXECUTION_DATE=2024-07-10T17:07:52.406561+00:00
AIRFLOW_CTX_TRY_NUMBER=1
AIRFLOW_CTX_DAG_RUN_ID=manual__2024-07-10T17:07:52.406561+00:00
[2024-07-10 17:07:54,750] {python.py:173} INFO - Done. Returned value was: None
[2024-07-10 17:07:54,758] {taskinstance.py:1400} INFO - Marking task as SUCCESS. dag_id=spotify_to_s3, task_id=fetch_today_top_hits, execution_date=20240710T170752, start_date=20240710T170753, end_date=20240710T170754
[2024-07-10 17:07:54,787] {local_task_job.py:156} INFO - Task exited with return code 0
[2024-07-10 17:07:54,810] {local_task_job.py:273} INFO - 0 downstream tasks scheduled from follow-on schedule check
