[2024-07-10 17:01:32,411] {taskinstance.py:1159} INFO - Dependencies all met for <TaskInstance: spotify_to_s3.fetch_today_top_hits manual__2024-07-10T17:01:31.308621+00:00 [queued]>
[2024-07-10 17:01:32,532] {taskinstance.py:1159} INFO - Dependencies all met for <TaskInstance: spotify_to_s3.fetch_today_top_hits manual__2024-07-10T17:01:31.308621+00:00 [queued]>
[2024-07-10 17:01:32,532] {taskinstance.py:1356} INFO - 
--------------------------------------------------------------------------------
[2024-07-10 17:01:32,532] {taskinstance.py:1357} INFO - Starting attempt 1 of 2
[2024-07-10 17:01:32,533] {taskinstance.py:1358} INFO - 
--------------------------------------------------------------------------------
[2024-07-10 17:01:32,539] {taskinstance.py:1377} INFO - Executing <Task(PythonOperator): fetch_today_top_hits> on 2024-07-10 17:01:31.308621+00:00
[2024-07-10 17:01:32,542] {standard_task_runner.py:52} INFO - Started process 1269 to run task
[2024-07-10 17:01:32,545] {standard_task_runner.py:79} INFO - Running: ['***', 'tasks', 'run', 'spotify_to_s3', 'fetch_today_top_hits', 'manual__2024-07-10T17:01:31.308621+00:00', '--job-id', '8', '--raw', '--subdir', 'DAGS_FOLDER/upload_data_s3.py', '--cfg-path', '/tmp/tmpyhnxlzys', '--error-file', '/tmp/tmpijw_ryq3']
[2024-07-10 17:01:32,546] {standard_task_runner.py:80} INFO - Job 8: Subtask fetch_today_top_hits
[2024-07-10 17:01:32,579] {task_command.py:369} INFO - Running <TaskInstance: spotify_to_s3.fetch_today_top_hits manual__2024-07-10T17:01:31.308621+00:00 [running]> on host be84cfafb07d
[2024-07-10 17:01:32,624] {taskinstance.py:1571} INFO - Exporting the following env vars:
AIRFLOW_CTX_DAG_OWNER=***
AIRFLOW_CTX_DAG_ID=spotify_to_s3
AIRFLOW_CTX_TASK_ID=fetch_today_top_hits
AIRFLOW_CTX_EXECUTION_DATE=2024-07-10T17:01:31.308621+00:00
AIRFLOW_CTX_TRY_NUMBER=1
AIRFLOW_CTX_DAG_RUN_ID=manual__2024-07-10T17:01:31.308621+00:00
[2024-07-10 17:01:33,181] {python.py:173} INFO - Done. Returned value was: None
[2024-07-10 17:01:33,192] {taskinstance.py:1400} INFO - Marking task as SUCCESS. dag_id=spotify_to_s3, task_id=fetch_today_top_hits, execution_date=20240710T170131, start_date=20240710T170132, end_date=20240710T170133
[2024-07-10 17:01:33,217] {local_task_job.py:156} INFO - Task exited with return code 0
[2024-07-10 17:01:33,244] {local_task_job.py:273} INFO - 0 downstream tasks scheduled from follow-on schedule check
