[2024-07-10 17:01:27,851] {taskinstance.py:1159} INFO - Dependencies all met for <TaskInstance: spotify_to_s3.fetch_top_50_global scheduled__2024-07-09T17:01:17.922331+00:00 [queued]>
[2024-07-10 17:01:27,982] {taskinstance.py:1159} INFO - Dependencies all met for <TaskInstance: spotify_to_s3.fetch_top_50_global scheduled__2024-07-09T17:01:17.922331+00:00 [queued]>
[2024-07-10 17:01:27,983] {taskinstance.py:1356} INFO - 
--------------------------------------------------------------------------------
[2024-07-10 17:01:27,983] {taskinstance.py:1357} INFO - Starting attempt 1 of 2
[2024-07-10 17:01:27,983] {taskinstance.py:1358} INFO - 
--------------------------------------------------------------------------------
[2024-07-10 17:01:27,995] {taskinstance.py:1377} INFO - Executing <Task(PythonOperator): fetch_top_50_global> on 2024-07-09 17:01:17.922331+00:00
[2024-07-10 17:01:28,003] {standard_task_runner.py:52} INFO - Started process 1248 to run task
[2024-07-10 17:01:28,006] {standard_task_runner.py:79} INFO - Running: ['***', 'tasks', 'run', 'spotify_to_s3', 'fetch_top_50_global', 'scheduled__2024-07-09T17:01:17.922331+00:00', '--job-id', '4', '--raw', '--subdir', 'DAGS_FOLDER/upload_data_s3.py', '--cfg-path', '/tmp/tmprbv6w1nv', '--error-file', '/tmp/tmps7rzsiea']
[2024-07-10 17:01:28,007] {standard_task_runner.py:80} INFO - Job 4: Subtask fetch_top_50_global
[2024-07-10 17:01:28,033] {logging_mixin.py:115} WARNING - /home/***/.local/lib/python3.7/site-packages/***/configuration.py:470 DeprecationWarning: The sql_alchemy_conn option in [core] has been moved to the sql_alchemy_conn option in [database] - the old setting has been used, but please update your config.
[2024-07-10 17:01:28,060] {task_command.py:369} INFO - Running <TaskInstance: spotify_to_s3.fetch_top_50_global scheduled__2024-07-09T17:01:17.922331+00:00 [running]> on host be84cfafb07d
[2024-07-10 17:01:28,120] {taskinstance.py:1571} INFO - Exporting the following env vars:
AIRFLOW_CTX_DAG_OWNER=***
AIRFLOW_CTX_DAG_ID=spotify_to_s3
AIRFLOW_CTX_TASK_ID=fetch_top_50_global
AIRFLOW_CTX_EXECUTION_DATE=2024-07-09T17:01:17.922331+00:00
AIRFLOW_CTX_TRY_NUMBER=1
AIRFLOW_CTX_DAG_RUN_ID=scheduled__2024-07-09T17:01:17.922331+00:00
[2024-07-10 17:01:28,656] {python.py:173} INFO - Done. Returned value was: None
[2024-07-10 17:01:28,663] {taskinstance.py:1400} INFO - Marking task as SUCCESS. dag_id=spotify_to_s3, task_id=fetch_top_50_global, execution_date=20240709T170117, start_date=20240710T170127, end_date=20240710T170128
[2024-07-10 17:01:28,683] {local_task_job.py:156} INFO - Task exited with return code 0
[2024-07-10 17:01:28,703] {local_task_job.py:273} INFO - 0 downstream tasks scheduled from follow-on schedule check
