[2024-07-10 17:07:54,022] {taskinstance.py:1159} INFO - Dependencies all met for <TaskInstance: spotify_to_s3.fetch_top_50_viral_global manual__2024-07-10T17:07:52.406561+00:00 [queued]>
[2024-07-10 17:07:54,167] {taskinstance.py:1159} INFO - Dependencies all met for <TaskInstance: spotify_to_s3.fetch_top_50_viral_global manual__2024-07-10T17:07:52.406561+00:00 [queued]>
[2024-07-10 17:07:54,167] {taskinstance.py:1356} INFO - 
--------------------------------------------------------------------------------
[2024-07-10 17:07:54,167] {taskinstance.py:1357} INFO - Starting attempt 1 of 2
[2024-07-10 17:07:54,168] {taskinstance.py:1358} INFO - 
--------------------------------------------------------------------------------
[2024-07-10 17:07:54,176] {taskinstance.py:1377} INFO - Executing <Task(PythonOperator): fetch_top_50_viral_global> on 2024-07-10 17:07:52.406561+00:00
[2024-07-10 17:07:54,181] {standard_task_runner.py:52} INFO - Started process 1675 to run task
[2024-07-10 17:07:54,186] {standard_task_runner.py:79} INFO - Running: ['***', 'tasks', 'run', 'spotify_to_s3', 'fetch_top_50_viral_global', 'manual__2024-07-10T17:07:52.406561+00:00', '--job-id', '19', '--raw', '--subdir', 'DAGS_FOLDER/upload_data_s3.py', '--cfg-path', '/tmp/tmpoehzjwt1', '--error-file', '/tmp/tmpqf3l4ej0']
[2024-07-10 17:07:54,187] {standard_task_runner.py:80} INFO - Job 19: Subtask fetch_top_50_viral_global
[2024-07-10 17:07:54,214] {task_command.py:369} INFO - Running <TaskInstance: spotify_to_s3.fetch_top_50_viral_global manual__2024-07-10T17:07:52.406561+00:00 [running]> on host be84cfafb07d
[2024-07-10 17:07:54,251] {taskinstance.py:1571} INFO - Exporting the following env vars:
AIRFLOW_CTX_DAG_OWNER=***
AIRFLOW_CTX_DAG_ID=spotify_to_s3
AIRFLOW_CTX_TASK_ID=fetch_top_50_viral_global
AIRFLOW_CTX_EXECUTION_DATE=2024-07-10T17:07:52.406561+00:00
AIRFLOW_CTX_TRY_NUMBER=1
AIRFLOW_CTX_DAG_RUN_ID=manual__2024-07-10T17:07:52.406561+00:00
[2024-07-10 17:07:54,805] {python.py:173} INFO - Done. Returned value was: None
[2024-07-10 17:07:54,811] {taskinstance.py:1400} INFO - Marking task as SUCCESS. dag_id=spotify_to_s3, task_id=fetch_top_50_viral_global, execution_date=20240710T170752, start_date=20240710T170754, end_date=20240710T170754
[2024-07-10 17:07:54,823] {local_task_job.py:156} INFO - Task exited with return code 0
[2024-07-10 17:07:54,841] {local_task_job.py:273} INFO - 1 downstream tasks scheduled from follow-on schedule check
