[2024-07-10 17:01:32,869] {taskinstance.py:1159} INFO - Dependencies all met for <TaskInstance: spotify_to_s3.fetch_top_50_viral_indo manual__2024-07-10T17:01:31.308621+00:00 [queued]>
[2024-07-10 17:01:32,957] {taskinstance.py:1159} INFO - Dependencies all met for <TaskInstance: spotify_to_s3.fetch_top_50_viral_indo manual__2024-07-10T17:01:31.308621+00:00 [queued]>
[2024-07-10 17:01:32,957] {taskinstance.py:1356} INFO - 
--------------------------------------------------------------------------------
[2024-07-10 17:01:32,958] {taskinstance.py:1357} INFO - Starting attempt 1 of 2
[2024-07-10 17:01:32,958] {taskinstance.py:1358} INFO - 
--------------------------------------------------------------------------------
[2024-07-10 17:01:32,965] {taskinstance.py:1377} INFO - Executing <Task(PythonOperator): fetch_top_50_viral_indo> on 2024-07-10 17:01:31.308621+00:00
[2024-07-10 17:01:32,968] {standard_task_runner.py:52} INFO - Started process 1273 to run task
[2024-07-10 17:01:32,970] {standard_task_runner.py:79} INFO - Running: ['***', 'tasks', 'run', 'spotify_to_s3', 'fetch_top_50_viral_indo', 'manual__2024-07-10T17:01:31.308621+00:00', '--job-id', '12', '--raw', '--subdir', 'DAGS_FOLDER/upload_data_s3.py', '--cfg-path', '/tmp/tmp2yrtjq30', '--error-file', '/tmp/tmp215ea6tu']
[2024-07-10 17:01:32,970] {standard_task_runner.py:80} INFO - Job 12: Subtask fetch_top_50_viral_indo
[2024-07-10 17:01:33,001] {task_command.py:369} INFO - Running <TaskInstance: spotify_to_s3.fetch_top_50_viral_indo manual__2024-07-10T17:01:31.308621+00:00 [running]> on host be84cfafb07d
[2024-07-10 17:01:33,036] {taskinstance.py:1571} INFO - Exporting the following env vars:
AIRFLOW_CTX_DAG_OWNER=***
AIRFLOW_CTX_DAG_ID=spotify_to_s3
AIRFLOW_CTX_TASK_ID=fetch_top_50_viral_indo
AIRFLOW_CTX_EXECUTION_DATE=2024-07-10T17:01:31.308621+00:00
AIRFLOW_CTX_TRY_NUMBER=1
AIRFLOW_CTX_DAG_RUN_ID=manual__2024-07-10T17:01:31.308621+00:00
[2024-07-10 17:01:33,536] {python.py:173} INFO - Done. Returned value was: None
[2024-07-10 17:01:33,542] {taskinstance.py:1400} INFO - Marking task as SUCCESS. dag_id=spotify_to_s3, task_id=fetch_top_50_viral_indo, execution_date=20240710T170131, start_date=20240710T170132, end_date=20240710T170133
[2024-07-10 17:01:33,569] {local_task_job.py:156} INFO - Task exited with return code 0
[2024-07-10 17:01:33,589] {local_task_job.py:273} INFO - 1 downstream tasks scheduled from follow-on schedule check
